{"C:\\Users\\user\\Documents\\GitHub\\Copilot\\snacktrack1\\controllers\\authController.js": {"path":"C:\\Users\\user\\Documents\\GitHub\\Copilot\\snacktrack1\\controllers\\authController.js","statementMap":{"0":{"start":{"line":1,"column":15},"end":{"line":1,"column":32}},"1":{"start":{"line":2,"column":20},"end":{"line":2,"column":54}},"2":{"start":{"line":5,"column":27},"end":{"line":5,"column":35}},"3":{"start":{"line":6,"column":2},"end":{"line":7,"column":66}},"4":{"start":{"line":7,"column":4},"end":{"line":7,"column":66}},"5":{"start":{"line":9,"column":2},"end":{"line":21,"column":3}},"6":{"start":{"line":10,"column":17},"end":{"line":10,"column":56}},"7":{"start":{"line":11,"column":4},"end":{"line":11,"column":77}},"8":{"start":{"line":11,"column":15},"end":{"line":11,"column":77}},"9":{"start":{"line":13,"column":18},"end":{"line":13,"column":57}},"10":{"start":{"line":14,"column":4},"end":{"line":14,"column":78}},"11":{"start":{"line":14,"column":16},"end":{"line":14,"column":78}},"12":{"start":{"line":16,"column":4},"end":{"line":16,"column":77}},"13":{"start":{"line":17,"column":4},"end":{"line":17,"column":58}},"14":{"start":{"line":19,"column":4},"end":{"line":19,"column":23}},"15":{"start":{"line":20,"column":4},"end":{"line":20,"column":68}},"16":{"start":{"line":25,"column":2},"end":{"line":30,"column":5}},"17":{"start":{"line":26,"column":4},"end":{"line":27,"column":74}},"18":{"start":{"line":27,"column":6},"end":{"line":27,"column":74}},"19":{"start":{"line":28,"column":4},"end":{"line":28,"column":35}},"20":{"start":{"line":29,"column":4},"end":{"line":29,"column":34}},"21":{"start":{"line":34,"column":2},"end":{"line":35,"column":48}},"22":{"start":{"line":35,"column":4},"end":{"line":35,"column":48}},"23":{"start":{"line":36,"column":2},"end":{"line":36,"column":57}},"24":{"start":{"line":39,"column":0},"end":{"line":39,"column":39}}},"fnMap":{"0":{"name":"login","decl":{"start":{"line":4,"column":15},"end":{"line":4,"column":20}},"loc":{"start":{"line":4,"column":31},"end":{"line":22,"column":1}},"line":4},"1":{"name":"logout","decl":{"start":{"line":24,"column":9},"end":{"line":24,"column":15}},"loc":{"start":{"line":24,"column":26},"end":{"line":31,"column":1}},"line":24},"2":{"name":"(anonymous_2)","decl":{"start":{"line":25,"column":22},"end":{"line":25,"column":23}},"loc":{"start":{"line":25,"column":31},"end":{"line":30,"column":3}},"line":25},"3":{"name":"me","decl":{"start":{"line":33,"column":9},"end":{"line":33,"column":11}},"loc":{"start":{"line":33,"column":22},"end":{"line":37,"column":1}},"line":33}},"branchMap":{"0":{"loc":{"start":{"line":6,"column":2},"end":{"line":7,"column":66}},"type":"if","locations":[{"start":{"line":6,"column":2},"end":{"line":7,"column":66}},{"start":{},"end":{}}],"line":6},"1":{"loc":{"start":{"line":6,"column":6},"end":{"line":6,"column":22}},"type":"binary-expr","locations":[{"start":{"line":6,"column":6},"end":{"line":6,"column":12}},{"start":{"line":6,"column":16},"end":{"line":6,"column":22}}],"line":6},"2":{"loc":{"start":{"line":11,"column":4},"end":{"line":11,"column":77}},"type":"if","locations":[{"start":{"line":11,"column":4},"end":{"line":11,"column":77}},{"start":{},"end":{}}],"line":11},"3":{"loc":{"start":{"line":14,"column":4},"end":{"line":14,"column":78}},"type":"if","locations":[{"start":{"line":14,"column":4},"end":{"line":14,"column":78}},{"start":{},"end":{}}],"line":14},"4":{"loc":{"start":{"line":26,"column":4},"end":{"line":27,"column":74}},"type":"if","locations":[{"start":{"line":26,"column":4},"end":{"line":27,"column":74}},{"start":{},"end":{}}],"line":26},"5":{"loc":{"start":{"line":34,"column":2},"end":{"line":35,"column":48}},"type":"if","locations":[{"start":{"line":34,"column":2},"end":{"line":35,"column":48}},{"start":{},"end":{}}],"line":34},"6":{"loc":{"start":{"line":34,"column":6},"end":{"line":34,"column":37}},"type":"binary-expr","locations":[{"start":{"line":34,"column":6},"end":{"line":34,"column":17}},{"start":{"line":34,"column":21},"end":{"line":34,"column":37}}],"line":34}},"s":{"0":1,"1":1,"2":0,"3":0,"4":0,"5":0,"6":0,"7":0,"8":0,"9":0,"10":0,"11":0,"12":0,"13":0,"14":0,"15":0,"16":0,"17":0,"18":0,"19":0,"20":0,"21":0,"22":0,"23":0,"24":1},"f":{"0":0,"1":0,"2":0,"3":0},"b":{"0":[0,0],"1":[0,0],"2":[0,0],"3":[0,0],"4":[0,0],"5":[0,0],"6":[0,0]},"_coverageSchema":"1a1c01bbd47fc00a2c39e90264f33305004495a9","hash":"77a04755b59571453af775d274cd29093937df83"}
,"C:\\Users\\user\\Documents\\GitHub\\Copilot\\snacktrack1\\controllers\\localController.js": {"path":"C:\\Users\\user\\Documents\\GitHub\\Copilot\\snacktrack1\\controllers\\localController.js","statementMap":{"0":{"start":{"line":1,"column":21},"end":{"line":1,"column":56}},"1":{"start":{"line":4,"column":2},"end":{"line":12,"column":3}},"2":{"start":{"line":5,"column":19},"end":{"line":7,"column":6}},"3":{"start":{"line":8,"column":4},"end":{"line":8,"column":52}},"4":{"start":{"line":10,"column":4},"end":{"line":10,"column":21}},"5":{"start":{"line":11,"column":4},"end":{"line":11,"column":59}},"6":{"start":{"line":16,"column":2},"end":{"line":24,"column":3}},"7":{"start":{"line":17,"column":15},"end":{"line":17,"column":28}},"8":{"start":{"line":18,"column":18},"end":{"line":18,"column":52}},"9":{"start":{"line":19,"column":4},"end":{"line":19,"column":43}},"10":{"start":{"line":21,"column":4},"end":{"line":21,"column":78}},"11":{"start":{"line":21,"column":23},"end":{"line":21,"column":78}},"12":{"start":{"line":22,"column":4},"end":{"line":22,"column":21}},"13":{"start":{"line":23,"column":4},"end":{"line":23,"column":59}},"14":{"start":{"line":28,"column":2},"end":{"line":40,"column":3}},"15":{"start":{"line":29,"column":20},"end":{"line":33,"column":5}},"16":{"start":{"line":34,"column":20},"end":{"line":34,"column":53}},"17":{"start":{"line":35,"column":4},"end":{"line":35,"column":52}},"18":{"start":{"line":37,"column":4},"end":{"line":37,"column":78}},"19":{"start":{"line":37,"column":23},"end":{"line":37,"column":78}},"20":{"start":{"line":38,"column":4},"end":{"line":38,"column":21}},"21":{"start":{"line":39,"column":4},"end":{"line":39,"column":59}},"22":{"start":{"line":44,"column":2},"end":{"line":58,"column":3}},"23":{"start":{"line":45,"column":15},"end":{"line":45,"column":28}},"24":{"start":{"line":46,"column":20},"end":{"line":51,"column":5}},"25":{"start":{"line":52,"column":20},"end":{"line":52,"column":61}},"26":{"start":{"line":53,"column":4},"end":{"line":53,"column":52}},"27":{"start":{"line":55,"column":4},"end":{"line":55,"column":78}},"28":{"start":{"line":55,"column":23},"end":{"line":55,"column":78}},"29":{"start":{"line":56,"column":4},"end":{"line":56,"column":21}},"30":{"start":{"line":57,"column":4},"end":{"line":57,"column":59}},"31":{"start":{"line":62,"column":2},"end":{"line":70,"column":3}},"32":{"start":{"line":63,"column":15},"end":{"line":63,"column":28}},"33":{"start":{"line":64,"column":20},"end":{"line":64,"column":51}},"34":{"start":{"line":65,"column":4},"end":{"line":65,"column":52}},"35":{"start":{"line":67,"column":4},"end":{"line":67,"column":78}},"36":{"start":{"line":67,"column":23},"end":{"line":67,"column":78}},"37":{"start":{"line":68,"column":4},"end":{"line":68,"column":21}},"38":{"start":{"line":69,"column":4},"end":{"line":69,"column":59}},"39":{"start":{"line":73,"column":0},"end":{"line":79,"column":2}}},"fnMap":{"0":{"name":"listarLocais","decl":{"start":{"line":3,"column":15},"end":{"line":3,"column":27}},"loc":{"start":{"line":3,"column":38},"end":{"line":13,"column":1}},"line":3},"1":{"name":"buscarLocalPorId","decl":{"start":{"line":15,"column":15},"end":{"line":15,"column":31}},"loc":{"start":{"line":15,"column":42},"end":{"line":25,"column":1}},"line":15},"2":{"name":"criarLocal","decl":{"start":{"line":27,"column":15},"end":{"line":27,"column":25}},"loc":{"start":{"line":27,"column":36},"end":{"line":41,"column":1}},"line":27},"3":{"name":"atualizarLocal","decl":{"start":{"line":43,"column":15},"end":{"line":43,"column":29}},"loc":{"start":{"line":43,"column":40},"end":{"line":59,"column":1}},"line":43},"4":{"name":"inativarLocal","decl":{"start":{"line":61,"column":15},"end":{"line":61,"column":28}},"loc":{"start":{"line":61,"column":39},"end":{"line":71,"column":1}},"line":61}},"branchMap":{"0":{"loc":{"start":{"line":21,"column":4},"end":{"line":21,"column":78}},"type":"if","locations":[{"start":{"line":21,"column":4},"end":{"line":21,"column":78}},{"start":{},"end":{}}],"line":21},"1":{"loc":{"start":{"line":21,"column":8},"end":{"line":21,"column":21}},"type":"binary-expr","locations":[{"start":{"line":21,"column":8},"end":{"line":21,"column":9}},{"start":{"line":21,"column":13},"end":{"line":21,"column":21}}],"line":21},"2":{"loc":{"start":{"line":37,"column":4},"end":{"line":37,"column":78}},"type":"if","locations":[{"start":{"line":37,"column":4},"end":{"line":37,"column":78}},{"start":{},"end":{}}],"line":37},"3":{"loc":{"start":{"line":37,"column":8},"end":{"line":37,"column":21}},"type":"binary-expr","locations":[{"start":{"line":37,"column":8},"end":{"line":37,"column":9}},{"start":{"line":37,"column":13},"end":{"line":37,"column":21}}],"line":37},"4":{"loc":{"start":{"line":55,"column":4},"end":{"line":55,"column":78}},"type":"if","locations":[{"start":{"line":55,"column":4},"end":{"line":55,"column":78}},{"start":{},"end":{}}],"line":55},"5":{"loc":{"start":{"line":55,"column":8},"end":{"line":55,"column":21}},"type":"binary-expr","locations":[{"start":{"line":55,"column":8},"end":{"line":55,"column":9}},{"start":{"line":55,"column":13},"end":{"line":55,"column":21}}],"line":55},"6":{"loc":{"start":{"line":67,"column":4},"end":{"line":67,"column":78}},"type":"if","locations":[{"start":{"line":67,"column":4},"end":{"line":67,"column":78}},{"start":{},"end":{}}],"line":67},"7":{"loc":{"start":{"line":67,"column":8},"end":{"line":67,"column":21}},"type":"binary-expr","locations":[{"start":{"line":67,"column":8},"end":{"line":67,"column":9}},{"start":{"line":67,"column":13},"end":{"line":67,"column":21}}],"line":67}},"s":{"0":1,"1":0,"2":0,"3":0,"4":0,"5":0,"6":0,"7":0,"8":0,"9":0,"10":0,"11":0,"12":0,"13":0,"14":0,"15":0,"16":0,"17":0,"18":0,"19":0,"20":0,"21":0,"22":0,"23":0,"24":0,"25":0,"26":0,"27":0,"28":0,"29":0,"30":0,"31":0,"32":0,"33":0,"34":0,"35":0,"36":0,"37":0,"38":0,"39":1},"f":{"0":0,"1":0,"2":0,"3":0,"4":0},"b":{"0":[0,0],"1":[0,0],"2":[0,0],"3":[0,0],"4":[0,0],"5":[0,0],"6":[0,0],"7":[0,0]},"_coverageSchema":"1a1c01bbd47fc00a2c39e90264f33305004495a9","hash":"afb901f19c26ed390a03fa5797ee65f448504cfc"}
,"C:\\Users\\user\\Documents\\GitHub\\Copilot\\snacktrack1\\controllers\\movimentacaoController.js": {"path":"C:\\Users\\user\\Documents\\GitHub\\Copilot\\snacktrack1\\controllers\\movimentacaoController.js","statementMap":{"0":{"start":{"line":6,"column":4},"end":{"line":6,"column":41}},"1":{"start":{"line":7,"column":25},"end":{"line":7,"column":60}},"2":{"start":{"line":10,"column":2},"end":{"line":25,"column":3}},"3":{"start":{"line":12,"column":6},"end":{"line":12,"column":66}},"4":{"start":{"line":13,"column":49},"end":{"line":13,"column":57}},"5":{"start":{"line":14,"column":19},"end":{"line":19,"column":5}},"6":{"start":{"line":20,"column":4},"end":{"line":22,"column":66}},"7":{"start":{"line":24,"column":4},"end":{"line":24,"column":33}},"8":{"start":{"line":29,"column":2},"end":{"line":48,"column":3}},"9":{"start":{"line":31,"column":6},"end":{"line":31,"column":66}},"10":{"start":{"line":32,"column":49},"end":{"line":32,"column":57}},"11":{"start":{"line":33,"column":19},"end":{"line":38,"column":5}},"12":{"start":{"line":39,"column":4},"end":{"line":45,"column":9}},"13":{"start":{"line":47,"column":4},"end":{"line":47,"column":33}},"14":{"start":{"line":52,"column":2},"end":{"line":69,"column":3}},"15":{"start":{"line":54,"column":6},"end":{"line":54,"column":66}},"16":{"start":{"line":56,"column":6},"end":{"line":56,"column":14}},"17":{"start":{"line":57,"column":19},"end":{"line":63,"column":5}},"18":{"start":{"line":64,"column":4},"end":{"line":66,"column":66}},"19":{"start":{"line":68,"column":4},"end":{"line":68,"column":33}},"20":{"start":{"line":73,"column":2},"end":{"line":88,"column":3}},"21":{"start":{"line":74,"column":50},"end":{"line":74,"column":59}},"22":{"start":{"line":75,"column":15},"end":{"line":75,"column":17}},"23":{"start":{"line":76,"column":4},"end":{"line":82,"column":71}},"24":{"start":{"line":77,"column":6},"end":{"line":79,"column":8}},"25":{"start":{"line":80,"column":9},"end":{"line":82,"column":71}},"26":{"start":{"line":81,"column":6},"end":{"line":81,"column":70}},"27":{"start":{"line":82,"column":9},"end":{"line":82,"column":71}},"28":{"start":{"line":83,"column":4},"end":{"line":83,"column":77}},"29":{"start":{"line":85,"column":4},"end":{"line":87,"column":76}},"30":{"start":{"line":93,"column":2},"end":{"line":97,"column":3}},"31":{"start":{"line":94,"column":4},"end":{"line":96,"column":55}},"32":{"start":{"line":98,"column":2},"end":{"line":105,"column":3}},"33":{"start":{"line":99,"column":4},"end":{"line":104,"column":9}},"34":{"start":{"line":106,"column":2},"end":{"line":110,"column":3}},"35":{"start":{"line":107,"column":4},"end":{"line":109,"column":75}},"36":{"start":{"line":111,"column":2},"end":{"line":115,"column":3}},"37":{"start":{"line":112,"column":4},"end":{"line":114,"column":77}},"38":{"start":{"line":117,"column":2},"end":{"line":120,"column":64}},"39":{"start":{"line":118,"column":4},"end":{"line":120,"column":64}},"40":{"start":{"line":121,"column":2},"end":{"line":123,"column":74}},"41":{"start":{"line":126,"column":0},"end":{"line":131,"column":2}}},"fnMap":{"0":{"name":"registrarEntrada","decl":{"start":{"line":9,"column":15},"end":{"line":9,"column":31}},"loc":{"start":{"line":9,"column":42},"end":{"line":26,"column":1}},"line":9},"1":{"name":"registrarSaida","decl":{"start":{"line":28,"column":15},"end":{"line":28,"column":29}},"loc":{"start":{"line":28,"column":40},"end":{"line":49,"column":1}},"line":28},"2":{"name":"registrarTransferencia","decl":{"start":{"line":51,"column":15},"end":{"line":51,"column":37}},"loc":{"start":{"line":51,"column":48},"end":{"line":70,"column":1}},"line":51},"3":{"name":"listarHistorico","decl":{"start":{"line":72,"column":15},"end":{"line":72,"column":30}},"loc":{"start":{"line":72,"column":41},"end":{"line":89,"column":1}},"line":72},"4":{"name":"handleError","decl":{"start":{"line":91,"column":9},"end":{"line":91,"column":20}},"loc":{"start":{"line":91,"column":31},"end":{"line":124,"column":1}},"line":91}},"branchMap":{"0":{"loc":{"start":{"line":12,"column":6},"end":{"line":12,"column":66}},"type":"cond-expr","locations":[{"start":{"line":12,"column":40},"end":{"line":12,"column":59}},{"start":{"line":12,"column":62},"end":{"line":12,"column":66}}],"line":12},"1":{"loc":{"start":{"line":12,"column":6},"end":{"line":12,"column":37}},"type":"binary-expr","locations":[{"start":{"line":12,"column":6},"end":{"line":12,"column":17}},{"start":{"line":12,"column":21},"end":{"line":12,"column":37}}],"line":12},"2":{"loc":{"start":{"line":31,"column":6},"end":{"line":31,"column":66}},"type":"cond-expr","locations":[{"start":{"line":31,"column":40},"end":{"line":31,"column":59}},{"start":{"line":31,"column":62},"end":{"line":31,"column":66}}],"line":31},"3":{"loc":{"start":{"line":31,"column":6},"end":{"line":31,"column":37}},"type":"binary-expr","locations":[{"start":{"line":31,"column":6},"end":{"line":31,"column":17}},{"start":{"line":31,"column":21},"end":{"line":31,"column":37}}],"line":31},"4":{"loc":{"start":{"line":54,"column":6},"end":{"line":54,"column":66}},"type":"cond-expr","locations":[{"start":{"line":54,"column":40},"end":{"line":54,"column":59}},{"start":{"line":54,"column":62},"end":{"line":54,"column":66}}],"line":54},"5":{"loc":{"start":{"line":54,"column":6},"end":{"line":54,"column":37}},"type":"binary-expr","locations":[{"start":{"line":54,"column":6},"end":{"line":54,"column":17}},{"start":{"line":54,"column":21},"end":{"line":54,"column":37}}],"line":54},"6":{"loc":{"start":{"line":74,"column":34},"end":{"line":74,"column":45}},"type":"default-arg","locations":[{"start":{"line":74,"column":42},"end":{"line":74,"column":45}}],"line":74},"7":{"loc":{"start":{"line":76,"column":4},"end":{"line":82,"column":71}},"type":"if","locations":[{"start":{"line":76,"column":4},"end":{"line":82,"column":71}},{"start":{"line":80,"column":9},"end":{"line":82,"column":71}}],"line":76},"8":{"loc":{"start":{"line":80,"column":9},"end":{"line":82,"column":71}},"type":"if","locations":[{"start":{"line":80,"column":9},"end":{"line":82,"column":71}},{"start":{"line":82,"column":9},"end":{"line":82,"column":71}}],"line":80},"9":{"loc":{"start":{"line":87,"column":46},"end":{"line":87,"column":72}},"type":"binary-expr","locations":[{"start":{"line":87,"column":46},"end":{"line":87,"column":57}},{"start":{"line":87,"column":61},"end":{"line":87,"column":72}}],"line":87},"10":{"loc":{"start":{"line":93,"column":2},"end":{"line":97,"column":3}},"type":"if","locations":[{"start":{"line":93,"column":2},"end":{"line":97,"column":3}},{"start":{},"end":{}}],"line":93},"11":{"loc":{"start":{"line":93,"column":6},"end":{"line":93,"column":48}},"type":"binary-expr","locations":[{"start":{"line":93,"column":6},"end":{"line":93,"column":9}},{"start":{"line":93,"column":13},"end":{"line":93,"column":48}}],"line":93},"12":{"loc":{"start":{"line":95,"column":14},"end":{"line":95,"column":31}},"type":"binary-expr","locations":[{"start":{"line":95,"column":14},"end":{"line":95,"column":24}},{"start":{"line":95,"column":28},"end":{"line":95,"column":31}}],"line":95},"13":{"loc":{"start":{"line":98,"column":2},"end":{"line":105,"column":3}},"type":"if","locations":[{"start":{"line":98,"column":2},"end":{"line":105,"column":3}},{"start":{},"end":{}}],"line":98},"14":{"loc":{"start":{"line":98,"column":6},"end":{"line":98,"column":51}},"type":"binary-expr","locations":[{"start":{"line":98,"column":6},"end":{"line":98,"column":9}},{"start":{"line":98,"column":13},"end":{"line":98,"column":51}}],"line":98},"15":{"loc":{"start":{"line":100,"column":14},"end":{"line":100,"column":31}},"type":"binary-expr","locations":[{"start":{"line":100,"column":14},"end":{"line":100,"column":24}},{"start":{"line":100,"column":28},"end":{"line":100,"column":31}}],"line":100},"16":{"loc":{"start":{"line":102,"column":15},"end":{"line":102,"column":49}},"type":"binary-expr","locations":[{"start":{"line":102,"column":15},"end":{"line":102,"column":23}},{"start":{"line":102,"column":27},"end":{"line":102,"column":49}}],"line":102},"17":{"loc":{"start":{"line":106,"column":2},"end":{"line":110,"column":3}},"type":"if","locations":[{"start":{"line":106,"column":2},"end":{"line":110,"column":3}},{"start":{},"end":{}}],"line":106},"18":{"loc":{"start":{"line":106,"column":6},"end":{"line":106,"column":45}},"type":"binary-expr","locations":[{"start":{"line":106,"column":6},"end":{"line":106,"column":9}},{"start":{"line":106,"column":13},"end":{"line":106,"column":45}}],"line":106},"19":{"loc":{"start":{"line":108,"column":14},"end":{"line":108,"column":31}},"type":"binary-expr","locations":[{"start":{"line":108,"column":14},"end":{"line":108,"column":24}},{"start":{"line":108,"column":28},"end":{"line":108,"column":31}}],"line":108},"20":{"loc":{"start":{"line":109,"column":21},"end":{"line":109,"column":49}},"type":"binary-expr","locations":[{"start":{"line":109,"column":21},"end":{"line":109,"column":29}},{"start":{"line":109,"column":33},"end":{"line":109,"column":49}}],"line":109},"21":{"loc":{"start":{"line":111,"column":2},"end":{"line":115,"column":3}},"type":"if","locations":[{"start":{"line":111,"column":2},"end":{"line":115,"column":3}},{"start":{},"end":{}}],"line":111},"22":{"loc":{"start":{"line":111,"column":6},"end":{"line":111,"column":47}},"type":"binary-expr","locations":[{"start":{"line":111,"column":6},"end":{"line":111,"column":9}},{"start":{"line":111,"column":13},"end":{"line":111,"column":47}}],"line":111},"23":{"loc":{"start":{"line":113,"column":14},"end":{"line":113,"column":31}},"type":"binary-expr","locations":[{"start":{"line":113,"column":14},"end":{"line":113,"column":24}},{"start":{"line":113,"column":28},"end":{"line":113,"column":31}}],"line":113},"24":{"loc":{"start":{"line":114,"column":21},"end":{"line":114,"column":51}},"type":"binary-expr","locations":[{"start":{"line":114,"column":21},"end":{"line":114,"column":29}},{"start":{"line":114,"column":33},"end":{"line":114,"column":51}}],"line":114},"25":{"loc":{"start":{"line":117,"column":2},"end":{"line":120,"column":64}},"type":"if","locations":[{"start":{"line":117,"column":2},"end":{"line":120,"column":64}},{"start":{},"end":{}}],"line":117},"26":{"loc":{"start":{"line":117,"column":6},"end":{"line":117,"column":31}},"type":"binary-expr","locations":[{"start":{"line":117,"column":6},"end":{"line":117,"column":9}},{"start":{"line":117,"column":13},"end":{"line":117,"column":31}}],"line":117},"27":{"loc":{"start":{"line":123,"column":44},"end":{"line":123,"column":70}},"type":"binary-expr","locations":[{"start":{"line":123,"column":44},"end":{"line":123,"column":55}},{"start":{"line":123,"column":59},"end":{"line":123,"column":70}}],"line":123}},"s":{"0":1,"1":1,"2":2,"3":2,"4":2,"5":2,"6":1,"7":1,"8":2,"9":2,"10":2,"11":2,"12":1,"13":1,"14":1,"15":1,"16":1,"17":1,"18":1,"19":0,"20":3,"21":3,"22":3,"23":3,"24":1,"25":2,"26":1,"27":1,"28":3,"29":0,"30":2,"31":1,"32":1,"33":0,"34":1,"35":0,"36":1,"37":0,"38":1,"39":0,"40":1,"41":1},"f":{"0":2,"1":2,"2":1,"3":3,"4":2},"b":{"0":[2,0],"1":[2,2],"2":[2,0],"3":[2,2],"4":[1,0],"5":[1,1],"6":[3],"7":[1,2],"8":[1,1],"9":[0,0],"10":[1,1],"11":[2,2],"12":[1,0],"13":[0,1],"14":[1,1],"15":[0,0],"16":[0,0],"17":[0,1],"18":[1,1],"19":[0,0],"20":[0,0],"21":[0,1],"22":[1,1],"23":[0,0],"24":[0,0],"25":[0,1],"26":[1,1],"27":[1,0]},"_coverageSchema":"1a1c01bbd47fc00a2c39e90264f33305004495a9","hash":"8d127a4e3c3e3cf0e28983485c06b98a9727628b"}
,"C:\\Users\\user\\Documents\\GitHub\\Copilot\\snacktrack1\\controllers\\produtoController.js": {"path":"C:\\Users\\user\\Documents\\GitHub\\Copilot\\snacktrack1\\controllers\\produtoController.js","statementMap":{"0":{"start":{"line":1,"column":23},"end":{"line":1,"column":60}},"1":{"start":{"line":4,"column":2},"end":{"line":12,"column":3}},"2":{"start":{"line":5,"column":21},"end":{"line":7,"column":6}},"3":{"start":{"line":8,"column":4},"end":{"line":8,"column":46}},"4":{"start":{"line":10,"column":4},"end":{"line":10,"column":21}},"5":{"start":{"line":11,"column":4},"end":{"line":11,"column":59}},"6":{"start":{"line":16,"column":2},"end":{"line":24,"column":3}},"7":{"start":{"line":17,"column":15},"end":{"line":17,"column":28}},"8":{"start":{"line":18,"column":20},"end":{"line":18,"column":56}},"9":{"start":{"line":19,"column":4},"end":{"line":19,"column":45}},"10":{"start":{"line":21,"column":4},"end":{"line":21,"column":78}},"11":{"start":{"line":21,"column":23},"end":{"line":21,"column":78}},"12":{"start":{"line":22,"column":4},"end":{"line":22,"column":21}},"13":{"start":{"line":23,"column":4},"end":{"line":23,"column":59}},"14":{"start":{"line":28,"column":2},"end":{"line":46,"column":3}},"15":{"start":{"line":29,"column":20},"end":{"line":39,"column":5}},"16":{"start":{"line":40,"column":20},"end":{"line":40,"column":55}},"17":{"start":{"line":41,"column":4},"end":{"line":41,"column":54}},"18":{"start":{"line":43,"column":4},"end":{"line":43,"column":78}},"19":{"start":{"line":43,"column":23},"end":{"line":43,"column":78}},"20":{"start":{"line":44,"column":4},"end":{"line":44,"column":21}},"21":{"start":{"line":45,"column":4},"end":{"line":45,"column":59}},"22":{"start":{"line":50,"column":2},"end":{"line":70,"column":3}},"23":{"start":{"line":51,"column":15},"end":{"line":51,"column":28}},"24":{"start":{"line":52,"column":20},"end":{"line":63,"column":5}},"25":{"start":{"line":64,"column":20},"end":{"line":64,"column":63}},"26":{"start":{"line":65,"column":4},"end":{"line":65,"column":54}},"27":{"start":{"line":67,"column":4},"end":{"line":67,"column":78}},"28":{"start":{"line":67,"column":23},"end":{"line":67,"column":78}},"29":{"start":{"line":68,"column":4},"end":{"line":68,"column":21}},"30":{"start":{"line":69,"column":4},"end":{"line":69,"column":59}},"31":{"start":{"line":74,"column":2},"end":{"line":82,"column":3}},"32":{"start":{"line":75,"column":15},"end":{"line":75,"column":28}},"33":{"start":{"line":76,"column":20},"end":{"line":76,"column":53}},"34":{"start":{"line":77,"column":4},"end":{"line":77,"column":54}},"35":{"start":{"line":79,"column":4},"end":{"line":79,"column":78}},"36":{"start":{"line":79,"column":23},"end":{"line":79,"column":78}},"37":{"start":{"line":80,"column":4},"end":{"line":80,"column":21}},"38":{"start":{"line":81,"column":4},"end":{"line":81,"column":59}},"39":{"start":{"line":85,"column":0},"end":{"line":91,"column":2}}},"fnMap":{"0":{"name":"listarProdutos","decl":{"start":{"line":3,"column":15},"end":{"line":3,"column":29}},"loc":{"start":{"line":3,"column":40},"end":{"line":13,"column":1}},"line":3},"1":{"name":"buscarProdutoPorId","decl":{"start":{"line":15,"column":15},"end":{"line":15,"column":33}},"loc":{"start":{"line":15,"column":44},"end":{"line":25,"column":1}},"line":15},"2":{"name":"criarProduto","decl":{"start":{"line":27,"column":15},"end":{"line":27,"column":27}},"loc":{"start":{"line":27,"column":38},"end":{"line":47,"column":1}},"line":27},"3":{"name":"atualizarProduto","decl":{"start":{"line":49,"column":15},"end":{"line":49,"column":31}},"loc":{"start":{"line":49,"column":42},"end":{"line":71,"column":1}},"line":49},"4":{"name":"inativarProduto","decl":{"start":{"line":73,"column":15},"end":{"line":73,"column":30}},"loc":{"start":{"line":73,"column":41},"end":{"line":83,"column":1}},"line":73}},"branchMap":{"0":{"loc":{"start":{"line":21,"column":4},"end":{"line":21,"column":78}},"type":"if","locations":[{"start":{"line":21,"column":4},"end":{"line":21,"column":78}},{"start":{},"end":{}}],"line":21},"1":{"loc":{"start":{"line":21,"column":8},"end":{"line":21,"column":21}},"type":"binary-expr","locations":[{"start":{"line":21,"column":8},"end":{"line":21,"column":9}},{"start":{"line":21,"column":13},"end":{"line":21,"column":21}}],"line":21},"2":{"loc":{"start":{"line":43,"column":4},"end":{"line":43,"column":78}},"type":"if","locations":[{"start":{"line":43,"column":4},"end":{"line":43,"column":78}},{"start":{},"end":{}}],"line":43},"3":{"loc":{"start":{"line":43,"column":8},"end":{"line":43,"column":21}},"type":"binary-expr","locations":[{"start":{"line":43,"column":8},"end":{"line":43,"column":9}},{"start":{"line":43,"column":13},"end":{"line":43,"column":21}}],"line":43},"4":{"loc":{"start":{"line":67,"column":4},"end":{"line":67,"column":78}},"type":"if","locations":[{"start":{"line":67,"column":4},"end":{"line":67,"column":78}},{"start":{},"end":{}}],"line":67},"5":{"loc":{"start":{"line":67,"column":8},"end":{"line":67,"column":21}},"type":"binary-expr","locations":[{"start":{"line":67,"column":8},"end":{"line":67,"column":9}},{"start":{"line":67,"column":13},"end":{"line":67,"column":21}}],"line":67},"6":{"loc":{"start":{"line":79,"column":4},"end":{"line":79,"column":78}},"type":"if","locations":[{"start":{"line":79,"column":4},"end":{"line":79,"column":78}},{"start":{},"end":{}}],"line":79},"7":{"loc":{"start":{"line":79,"column":8},"end":{"line":79,"column":21}},"type":"binary-expr","locations":[{"start":{"line":79,"column":8},"end":{"line":79,"column":9}},{"start":{"line":79,"column":13},"end":{"line":79,"column":21}}],"line":79}},"s":{"0":1,"1":0,"2":0,"3":0,"4":0,"5":0,"6":0,"7":0,"8":0,"9":0,"10":0,"11":0,"12":0,"13":0,"14":0,"15":0,"16":0,"17":0,"18":0,"19":0,"20":0,"21":0,"22":0,"23":0,"24":0,"25":0,"26":0,"27":0,"28":0,"29":0,"30":0,"31":0,"32":0,"33":0,"34":0,"35":0,"36":0,"37":0,"38":0,"39":1},"f":{"0":0,"1":0,"2":0,"3":0,"4":0},"b":{"0":[0,0],"1":[0,0],"2":[0,0],"3":[0,0],"4":[0,0],"5":[0,0],"6":[0,0],"7":[0,0]},"_coverageSchema":"1a1c01bbd47fc00a2c39e90264f33305004495a9","hash":"5bbbf6b5ba6020b87a3fcc011f5045d8a0eb9a7f"}
,"C:\\Users\\user\\Documents\\GitHub\\Copilot\\snacktrack1\\controllers\\userController.js": {"path":"C:\\Users\\user\\Documents\\GitHub\\Copilot\\snacktrack1\\controllers\\userController.js","statementMap":{"0":{"start":{"line":1,"column":20},"end":{"line":1,"column":54}},"1":{"start":{"line":4,"column":2},"end":{"line":10,"column":3}},"2":{"start":{"line":5,"column":18},"end":{"line":5,"column":49}},"3":{"start":{"line":6,"column":4},"end":{"line":6,"column":31}},"4":{"start":{"line":8,"column":4},"end":{"line":8,"column":23}},"5":{"start":{"line":9,"column":4},"end":{"line":9,"column":68}},"6":{"start":{"line":14,"column":2},"end":{"line":21,"column":3}},"7":{"start":{"line":15,"column":20},"end":{"line":15,"column":28}},"8":{"start":{"line":16,"column":17},"end":{"line":16,"column":54}},"9":{"start":{"line":17,"column":4},"end":{"line":17,"column":42}},"10":{"start":{"line":19,"column":4},"end":{"line":19,"column":23}},"11":{"start":{"line":20,"column":4},"end":{"line":20,"column":73}},"12":{"start":{"line":25,"column":2},"end":{"line":33,"column":3}},"13":{"start":{"line":26,"column":15},"end":{"line":26,"column":36}},"14":{"start":{"line":27,"column":20},"end":{"line":27,"column":28}},"15":{"start":{"line":28,"column":17},"end":{"line":28,"column":58}},"16":{"start":{"line":29,"column":4},"end":{"line":29,"column":30}},"17":{"start":{"line":31,"column":4},"end":{"line":31,"column":23}},"18":{"start":{"line":32,"column":4},"end":{"line":32,"column":73}},"19":{"start":{"line":37,"column":2},"end":{"line":44,"column":3}},"20":{"start":{"line":38,"column":15},"end":{"line":38,"column":36}},"21":{"start":{"line":39,"column":4},"end":{"line":39,"column":37}},"22":{"start":{"line":40,"column":4},"end":{"line":40,"column":34}},"23":{"start":{"line":42,"column":4},"end":{"line":42,"column":23}},"24":{"start":{"line":43,"column":4},"end":{"line":43,"column":73}},"25":{"start":{"line":47,"column":0},"end":{"line":47,"column":67}}},"fnMap":{"0":{"name":"listUsers","decl":{"start":{"line":3,"column":15},"end":{"line":3,"column":24}},"loc":{"start":{"line":3,"column":35},"end":{"line":11,"column":1}},"line":3},"1":{"name":"createUser","decl":{"start":{"line":13,"column":15},"end":{"line":13,"column":25}},"loc":{"start":{"line":13,"column":36},"end":{"line":22,"column":1}},"line":13},"2":{"name":"updateUser","decl":{"start":{"line":24,"column":15},"end":{"line":24,"column":25}},"loc":{"start":{"line":24,"column":36},"end":{"line":34,"column":1}},"line":24},"3":{"name":"deleteUser","decl":{"start":{"line":36,"column":15},"end":{"line":36,"column":25}},"loc":{"start":{"line":36,"column":36},"end":{"line":45,"column":1}},"line":36}},"branchMap":{"0":{"loc":{"start":{"line":20,"column":41},"end":{"line":20,"column":69}},"type":"binary-expr","locations":[{"start":{"line":20,"column":41},"end":{"line":20,"column":52}},{"start":{"line":20,"column":56},"end":{"line":20,"column":69}}],"line":20},"1":{"loc":{"start":{"line":32,"column":41},"end":{"line":32,"column":69}},"type":"binary-expr","locations":[{"start":{"line":32,"column":41},"end":{"line":32,"column":52}},{"start":{"line":32,"column":56},"end":{"line":32,"column":69}}],"line":32},"2":{"loc":{"start":{"line":43,"column":41},"end":{"line":43,"column":69}},"type":"binary-expr","locations":[{"start":{"line":43,"column":41},"end":{"line":43,"column":52}},{"start":{"line":43,"column":56},"end":{"line":43,"column":69}}],"line":43}},"s":{"0":1,"1":0,"2":0,"3":0,"4":0,"5":0,"6":0,"7":0,"8":0,"9":0,"10":0,"11":0,"12":0,"13":0,"14":0,"15":0,"16":0,"17":0,"18":0,"19":0,"20":0,"21":0,"22":0,"23":0,"24":0,"25":1},"f":{"0":0,"1":0,"2":0,"3":0},"b":{"0":[0,0],"1":[0,0],"2":[0,0]},"_coverageSchema":"1a1c01bbd47fc00a2c39e90264f33305004495a9","hash":"df280ac252e3809bb95a9be1e9bcd6e5cef76e94"}
,"C:\\Users\\user\\Documents\\GitHub\\Copilot\\snacktrack1\\data\\localData.js": {"path":"C:\\Users\\user\\Documents\\GitHub\\Copilot\\snacktrack1\\data\\localData.js","statementMap":{"0":{"start":{"line":1,"column":11},"end":{"line":1,"column":40}},"1":{"start":{"line":4,"column":14},"end":{"line":6,"column":104}},"2":{"start":{"line":7,"column":17},"end":{"line":7,"column":44}},"3":{"start":{"line":8,"column":15},"end":{"line":8,"column":42}},"4":{"start":{"line":9,"column":2},"end":{"line":9,"column":14}},"5":{"start":{"line":14,"column":4},"end":{"line":14,"column":106}},"6":{"start":{"line":15,"column":15},"end":{"line":15,"column":40}},"7":{"start":{"line":16,"column":2},"end":{"line":16,"column":25}},"8":{"start":{"line":21,"column":4},"end":{"line":21,"column":78}},"9":{"start":{"line":22,"column":14},"end":{"line":22,"column":71}},"10":{"start":{"line":25,"column":4},"end":{"line":25,"column":72}},"11":{"start":{"line":26,"column":2},"end":{"line":26,"column":42}},"12":{"start":{"line":26,"column":16},"end":{"line":26,"column":42}},"13":{"start":{"line":28,"column":15},"end":{"line":31,"column":3}},"14":{"start":{"line":32,"column":2},"end":{"line":32,"column":25}},"15":{"start":{"line":40,"column":15},"end":{"line":40,"column":17}},"16":{"start":{"line":41,"column":17},"end":{"line":41,"column":19}},"17":{"start":{"line":42,"column":2},"end":{"line":45,"column":3}},"18":{"start":{"line":43,"column":4},"end":{"line":43,"column":26}},"19":{"start":{"line":44,"column":4},"end":{"line":44,"column":22}},"20":{"start":{"line":46,"column":2},"end":{"line":49,"column":3}},"21":{"start":{"line":47,"column":4},"end":{"line":47,"column":39}},"22":{"start":{"line":48,"column":4},"end":{"line":48,"column":35}},"23":{"start":{"line":50,"column":2},"end":{"line":53,"column":3}},"24":{"start":{"line":51,"column":4},"end":{"line":51,"column":31}},"25":{"start":{"line":52,"column":4},"end":{"line":52,"column":27}},"26":{"start":{"line":54,"column":2},"end":{"line":57,"column":3}},"27":{"start":{"line":55,"column":4},"end":{"line":55,"column":28}},"28":{"start":{"line":56,"column":4},"end":{"line":56,"column":24}},"29":{"start":{"line":58,"column":2},"end":{"line":58,"column":40}},"30":{"start":{"line":58,"column":20},"end":{"line":58,"column":40}},"31":{"start":{"line":59,"column":14},"end":{"line":59,"column":65}},"32":{"start":{"line":60,"column":2},"end":{"line":60,"column":18}},"33":{"start":{"line":61,"column":2},"end":{"line":61,"column":30}},"34":{"start":{"line":62,"column":2},"end":{"line":62,"column":22}},"35":{"start":{"line":66,"column":14},"end":{"line":66,"column":57}},"36":{"start":{"line":67,"column":2},"end":{"line":67,"column":39}},"37":{"start":{"line":68,"column":2},"end":{"line":68,"column":22}},"38":{"start":{"line":71,"column":0},"end":{"line":71,"column":67}}},"fnMap":{"0":{"name":"findAll","decl":{"start":{"line":3,"column":15},"end":{"line":3,"column":22}},"loc":{"start":{"line":3,"column":51},"end":{"line":10,"column":1}},"line":3},"1":{"name":"findById","decl":{"start":{"line":12,"column":15},"end":{"line":12,"column":23}},"loc":{"start":{"line":12,"column":28},"end":{"line":17,"column":1}},"line":12},"2":{"name":"create","decl":{"start":{"line":19,"column":15},"end":{"line":19,"column":21}},"loc":{"start":{"line":19,"column":76},"end":{"line":33,"column":1}},"line":19},"3":{"name":"update","decl":{"start":{"line":35,"column":15},"end":{"line":35,"column":21}},"loc":{"start":{"line":38,"column":2},"end":{"line":63,"column":1}},"line":38},"4":{"name":"inactivate","decl":{"start":{"line":65,"column":15},"end":{"line":65,"column":25}},"loc":{"start":{"line":65,"column":30},"end":{"line":69,"column":1}},"line":65}},"branchMap":{"0":{"loc":{"start":{"line":3,"column":23},"end":{"line":3,"column":49}},"type":"default-arg","locations":[{"start":{"line":3,"column":47},"end":{"line":3,"column":49}}],"line":3},"1":{"loc":{"start":{"line":3,"column":25},"end":{"line":3,"column":42}},"type":"default-arg","locations":[{"start":{"line":3,"column":38},"end":{"line":3,"column":42}}],"line":3},"2":{"loc":{"start":{"line":4,"column":14},"end":{"line":6,"column":104}},"type":"cond-expr","locations":[{"start":{"line":5,"column":6},"end":{"line":5,"column":121}},{"start":{"line":6,"column":6},"end":{"line":6,"column":104}}],"line":4},"3":{"loc":{"start":{"line":7,"column":17},"end":{"line":7,"column":44}},"type":"cond-expr","locations":[{"start":{"line":7,"column":30},"end":{"line":7,"column":39}},{"start":{"line":7,"column":42},"end":{"line":7,"column":44}}],"line":7},"4":{"loc":{"start":{"line":16,"column":9},"end":{"line":16,"column":24}},"type":"binary-expr","locations":[{"start":{"line":16,"column":9},"end":{"line":16,"column":16}},{"start":{"line":16,"column":20},"end":{"line":16,"column":24}}],"line":16},"5":{"loc":{"start":{"line":19,"column":30},"end":{"line":19,"column":54}},"type":"default-arg","locations":[{"start":{"line":19,"column":50},"end":{"line":19,"column":54}}],"line":19},"6":{"loc":{"start":{"line":19,"column":56},"end":{"line":19,"column":72}},"type":"default-arg","locations":[{"start":{"line":19,"column":68},"end":{"line":19,"column":72}}],"line":19},"7":{"loc":{"start":{"line":25,"column":4},"end":{"line":25,"column":72}},"type":"binary-expr","locations":[{"start":{"line":25,"column":4},"end":{"line":25,"column":16}},{"start":{"line":25,"column":21},"end":{"line":25,"column":71}}],"line":25},"8":{"loc":{"start":{"line":25,"column":21},"end":{"line":25,"column":71}},"type":"cond-expr","locations":[{"start":{"line":25,"column":47},"end":{"line":25,"column":59}},{"start":{"line":25,"column":62},"end":{"line":25,"column":71}}],"line":25},"9":{"loc":{"start":{"line":25,"column":21},"end":{"line":25,"column":44}},"type":"binary-expr","locations":[{"start":{"line":25,"column":21},"end":{"line":25,"column":24}},{"start":{"line":25,"column":28},"end":{"line":25,"column":44}}],"line":25},"10":{"loc":{"start":{"line":26,"column":2},"end":{"line":26,"column":42}},"type":"if","locations":[{"start":{"line":26,"column":2},"end":{"line":26,"column":42}},{"start":{},"end":{}}],"line":26},"11":{"loc":{"start":{"line":32,"column":9},"end":{"line":32,"column":24}},"type":"binary-expr","locations":[{"start":{"line":32,"column":9},"end":{"line":32,"column":16}},{"start":{"line":32,"column":20},"end":{"line":32,"column":24}}],"line":32},"12":{"loc":{"start":{"line":37,"column":10},"end":{"line":37,"column":34}},"type":"default-arg","locations":[{"start":{"line":37,"column":30},"end":{"line":37,"column":34}}],"line":37},"13":{"loc":{"start":{"line":37,"column":36},"end":{"line":37,"column":52}},"type":"default-arg","locations":[{"start":{"line":37,"column":48},"end":{"line":37,"column":52}}],"line":37},"14":{"loc":{"start":{"line":42,"column":2},"end":{"line":45,"column":3}},"type":"if","locations":[{"start":{"line":42,"column":2},"end":{"line":45,"column":3}},{"start":{},"end":{}}],"line":42},"15":{"loc":{"start":{"line":46,"column":2},"end":{"line":49,"column":3}},"type":"if","locations":[{"start":{"line":46,"column":2},"end":{"line":49,"column":3}},{"start":{},"end":{}}],"line":46},"16":{"loc":{"start":{"line":50,"column":2},"end":{"line":53,"column":3}},"type":"if","locations":[{"start":{"line":50,"column":2},"end":{"line":53,"column":3}},{"start":{},"end":{}}],"line":50},"17":{"loc":{"start":{"line":54,"column":2},"end":{"line":57,"column":3}},"type":"if","locations":[{"start":{"line":54,"column":2},"end":{"line":57,"column":3}},{"start":{},"end":{}}],"line":54},"18":{"loc":{"start":{"line":58,"column":2},"end":{"line":58,"column":40}},"type":"if","locations":[{"start":{"line":58,"column":2},"end":{"line":58,"column":40}},{"start":{},"end":{}}],"line":58}},"s":{"0":3,"1":0,"2":0,"3":0,"4":0,"5":0,"6":0,"7":0,"8":0,"9":0,"10":0,"11":0,"12":0,"13":0,"14":0,"15":0,"16":0,"17":0,"18":0,"19":0,"20":0,"21":0,"22":0,"23":0,"24":0,"25":0,"26":0,"27":0,"28":0,"29":0,"30":0,"31":0,"32":0,"33":0,"34":0,"35":0,"36":0,"37":0,"38":3},"f":{"0":0,"1":0,"2":0,"3":0,"4":0},"b":{"0":[0],"1":[0],"2":[0,0],"3":[0,0],"4":[0,0],"5":[0],"6":[0],"7":[0,0],"8":[0,0],"9":[0,0],"10":[0,0],"11":[0,0],"12":[0],"13":[0],"14":[0,0],"15":[0,0],"16":[0,0],"17":[0,0],"18":[0,0]},"_coverageSchema":"1a1c01bbd47fc00a2c39e90264f33305004495a9","hash":"a62b3c815cb27e2c1f3280d3bc88989e39ab886d"}
,"C:\\Users\\user\\Documents\\GitHub\\Copilot\\snacktrack1\\data\\movimentacaoData.js": {"path":"C:\\Users\\user\\Documents\\GitHub\\Copilot\\snacktrack1\\data\\movimentacaoData.js","statementMap":{"0":{"start":{"line":1,"column":11},"end":{"line":1,"column":40}},"1":{"start":{"line":8,"column":14},"end":{"line":8,"column":171}},"2":{"start":{"line":9,"column":17},"end":{"line":16,"column":3}},"3":{"start":{"line":17,"column":14},"end":{"line":17,"column":53}},"4":{"start":{"line":18,"column":19},"end":{"line":18,"column":87}},"5":{"start":{"line":19,"column":2},"end":{"line":22,"column":3}},"6":{"start":{"line":20,"column":17},"end":{"line":20,"column":107}},"7":{"start":{"line":21,"column":4},"end":{"line":21,"column":27}},"8":{"start":{"line":23,"column":2},"end":{"line":23,"column":14}},"9":{"start":{"line":31,"column":14},"end":{"line":40,"column":3}},"10":{"start":{"line":41,"column":17},"end":{"line":41,"column":64}},"11":{"start":{"line":42,"column":15},"end":{"line":42,"column":54}},"12":{"start":{"line":43,"column":14},"end":{"line":43,"column":57}},"13":{"start":{"line":44,"column":2},"end":{"line":44,"column":26}},"14":{"start":{"line":48,"column":14},"end":{"line":48,"column":96}},"15":{"start":{"line":49,"column":15},"end":{"line":49,"column":59}},"16":{"start":{"line":50,"column":2},"end":{"line":50,"column":14}},"17":{"start":{"line":54,"column":14},"end":{"line":54,"column":125}},"18":{"start":{"line":55,"column":15},"end":{"line":55,"column":66}},"19":{"start":{"line":56,"column":2},"end":{"line":56,"column":14}},"20":{"start":{"line":59,"column":0},"end":{"line":59,"column":97}}},"fnMap":{"0":{"name":"create","decl":{"start":{"line":7,"column":15},"end":{"line":7,"column":21}},"loc":{"start":{"line":7,"column":55},"end":{"line":24,"column":1}},"line":7},"1":{"name":"getEstoqueAtual","decl":{"start":{"line":30,"column":15},"end":{"line":30,"column":30}},"loc":{"start":{"line":30,"column":70},"end":{"line":45,"column":1}},"line":30},"2":{"name":"getMovimentacoesByProduto","decl":{"start":{"line":47,"column":15},"end":{"line":47,"column":40}},"loc":{"start":{"line":47,"column":71},"end":{"line":51,"column":1}},"line":47},"3":{"name":"getMovimentacoesByLocal","decl":{"start":{"line":53,"column":15},"end":{"line":53,"column":38}},"loc":{"start":{"line":53,"column":67},"end":{"line":57,"column":1}},"line":53}},"branchMap":{"0":{"loc":{"start":{"line":7,"column":36},"end":{"line":7,"column":53}},"type":"default-arg","locations":[{"start":{"line":7,"column":49},"end":{"line":7,"column":53}}],"line":7},"1":{"loc":{"start":{"line":12,"column":4},"end":{"line":12,"column":40}},"type":"binary-expr","locations":[{"start":{"line":12,"column":4},"end":{"line":12,"column":32}},{"start":{"line":12,"column":36},"end":{"line":12,"column":40}}],"line":12},"2":{"loc":{"start":{"line":13,"column":4},"end":{"line":13,"column":41}},"type":"binary-expr","locations":[{"start":{"line":13,"column":4},"end":{"line":13,"column":33}},{"start":{"line":13,"column":37},"end":{"line":13,"column":41}}],"line":13},"3":{"loc":{"start":{"line":15,"column":4},"end":{"line":15,"column":35}},"type":"binary-expr","locations":[{"start":{"line":15,"column":4},"end":{"line":15,"column":27}},{"start":{"line":15,"column":31},"end":{"line":15,"column":35}}],"line":15},"4":{"loc":{"start":{"line":18,"column":19},"end":{"line":18,"column":87}},"type":"binary-expr","locations":[{"start":{"line":18,"column":19},"end":{"line":18,"column":31}},{"start":{"line":18,"column":36},"end":{"line":18,"column":86}}],"line":18},"5":{"loc":{"start":{"line":18,"column":36},"end":{"line":18,"column":86}},"type":"cond-expr","locations":[{"start":{"line":18,"column":62},"end":{"line":18,"column":74}},{"start":{"line":18,"column":77},"end":{"line":18,"column":86}}],"line":18},"6":{"loc":{"start":{"line":18,"column":36},"end":{"line":18,"column":59}},"type":"binary-expr","locations":[{"start":{"line":18,"column":36},"end":{"line":18,"column":39}},{"start":{"line":18,"column":43},"end":{"line":18,"column":59}}],"line":18},"7":{"loc":{"start":{"line":19,"column":2},"end":{"line":22,"column":3}},"type":"if","locations":[{"start":{"line":19,"column":2},"end":{"line":22,"column":3}},{"start":{},"end":{}}],"line":19},"8":{"loc":{"start":{"line":21,"column":11},"end":{"line":21,"column":26}},"type":"binary-expr","locations":[{"start":{"line":21,"column":11},"end":{"line":21,"column":18}},{"start":{"line":21,"column":22},"end":{"line":21,"column":26}}],"line":21},"9":{"loc":{"start":{"line":30,"column":51},"end":{"line":30,"column":68}},"type":"default-arg","locations":[{"start":{"line":30,"column":64},"end":{"line":30,"column":68}}],"line":30},"10":{"loc":{"start":{"line":43,"column":14},"end":{"line":43,"column":57}},"type":"cond-expr","locations":[{"start":{"line":43,"column":32},"end":{"line":43,"column":53}},{"start":{"line":43,"column":56},"end":{"line":43,"column":57}}],"line":43},"11":{"loc":{"start":{"line":43,"column":14},"end":{"line":43,"column":29}},"type":"binary-expr","locations":[{"start":{"line":43,"column":14},"end":{"line":43,"column":18}},{"start":{"line":43,"column":22},"end":{"line":43,"column":29}}],"line":43},"12":{"loc":{"start":{"line":44,"column":9},"end":{"line":44,"column":25}},"type":"binary-expr","locations":[{"start":{"line":44,"column":9},"end":{"line":44,"column":20}},{"start":{"line":44,"column":24},"end":{"line":44,"column":25}}],"line":44},"13":{"loc":{"start":{"line":47,"column":52},"end":{"line":47,"column":69}},"type":"default-arg","locations":[{"start":{"line":47,"column":65},"end":{"line":47,"column":69}}],"line":47},"14":{"loc":{"start":{"line":53,"column":48},"end":{"line":53,"column":65}},"type":"default-arg","locations":[{"start":{"line":53,"column":61},"end":{"line":53,"column":65}}],"line":53}},"s":{"0":3,"1":0,"2":0,"3":0,"4":0,"5":0,"6":0,"7":0,"8":0,"9":0,"10":0,"11":0,"12":0,"13":0,"14":0,"15":0,"16":0,"17":0,"18":0,"19":0,"20":3},"f":{"0":0,"1":0,"2":0,"3":0},"b":{"0":[0],"1":[0,0],"2":[0,0],"3":[0,0],"4":[0,0],"5":[0,0],"6":[0,0],"7":[0,0],"8":[0,0],"9":[0],"10":[0,0],"11":[0,0],"12":[0,0],"13":[0],"14":[0]},"_coverageSchema":"1a1c01bbd47fc00a2c39e90264f33305004495a9","hash":"22c463e296d3a9040ecc4b817f439d5a28d605e5"}
,"C:\\Users\\user\\Documents\\GitHub\\Copilot\\snacktrack1\\data\\produtoData.js": {"path":"C:\\Users\\user\\Documents\\GitHub\\Copilot\\snacktrack1\\data\\produtoData.js","statementMap":{"0":{"start":{"line":1,"column":11},"end":{"line":1,"column":40}},"1":{"start":{"line":4,"column":2},"end":{"line":4,"column":67}},"2":{"start":{"line":4,"column":55},"end":{"line":4,"column":67}},"3":{"start":{"line":6,"column":2},"end":{"line":12,"column":3}},"4":{"start":{"line":7,"column":4},"end":{"line":7,"column":42}},"5":{"start":{"line":7,"column":30},"end":{"line":7,"column":42}},"6":{"start":{"line":8,"column":14},"end":{"line":8,"column":31}},"7":{"start":{"line":9,"column":14},"end":{"line":9,"column":57}},"8":{"start":{"line":10,"column":14},"end":{"line":10,"column":52}},"9":{"start":{"line":11,"column":4},"end":{"line":11,"column":28}},"10":{"start":{"line":13,"column":12},"end":{"line":13,"column":23}},"11":{"start":{"line":15,"column":2},"end":{"line":15,"column":52}},"12":{"start":{"line":15,"column":29},"end":{"line":15,"column":52}},"13":{"start":{"line":17,"column":2},"end":{"line":17,"column":52}},"14":{"start":{"line":17,"column":29},"end":{"line":17,"column":52}},"15":{"start":{"line":19,"column":2},"end":{"line":19,"column":11}},"16":{"start":{"line":23,"column":14},"end":{"line":25,"column":170}},"17":{"start":{"line":26,"column":17},"end":{"line":26,"column":52}},"18":{"start":{"line":27,"column":15},"end":{"line":27,"column":42}},"19":{"start":{"line":28,"column":2},"end":{"line":28,"column":14}},"20":{"start":{"line":33,"column":4},"end":{"line":33,"column":172}},"21":{"start":{"line":34,"column":15},"end":{"line":34,"column":40}},"22":{"start":{"line":35,"column":2},"end":{"line":35,"column":25}},"23":{"start":{"line":40,"column":14},"end":{"line":42,"column":164}},"24":{"start":{"line":43,"column":19},"end":{"line":43,"column":55}},"25":{"start":{"line":44,"column":17},"end":{"line":67,"column":7}},"26":{"start":{"line":68,"column":14},"end":{"line":68,"column":41}},"27":{"start":{"line":70,"column":4},"end":{"line":70,"column":72}},"28":{"start":{"line":71,"column":2},"end":{"line":71,"column":42}},"29":{"start":{"line":71,"column":16},"end":{"line":71,"column":42}},"30":{"start":{"line":72,"column":15},"end":{"line":75,"column":3}},"31":{"start":{"line":76,"column":2},"end":{"line":76,"column":25}},"32":{"start":{"line":80,"column":15},"end":{"line":80,"column":17}},"33":{"start":{"line":81,"column":17},"end":{"line":81,"column":19}},"34":{"start":{"line":82,"column":17},"end":{"line":93,"column":3}},"35":{"start":{"line":94,"column":2},"end":{"line":106,"column":5}},"36":{"start":{"line":95,"column":4},"end":{"line":105,"column":5}},"37":{"start":{"line":96,"column":6},"end":{"line":96,"column":28}},"38":{"start":{"line":98,"column":6},"end":{"line":104,"column":7}},"39":{"start":{"line":99,"column":8},"end":{"line":99,"column":47}},"40":{"start":{"line":100,"column":13},"end":{"line":104,"column":7}},"41":{"start":{"line":101,"column":8},"end":{"line":101,"column":26}},"42":{"start":{"line":103,"column":8},"end":{"line":103,"column":32}},"43":{"start":{"line":107,"column":2},"end":{"line":107,"column":40}},"44":{"start":{"line":107,"column":20},"end":{"line":107,"column":40}},"45":{"start":{"line":108,"column":14},"end":{"line":108,"column":67}},"46":{"start":{"line":109,"column":2},"end":{"line":109,"column":18}},"47":{"start":{"line":110,"column":2},"end":{"line":110,"column":30}},"48":{"start":{"line":111,"column":2},"end":{"line":111,"column":22}},"49":{"start":{"line":115,"column":14},"end":{"line":115,"column":59}},"50":{"start":{"line":116,"column":2},"end":{"line":116,"column":44}},"51":{"start":{"line":117,"column":2},"end":{"line":117,"column":22}},"52":{"start":{"line":120,"column":0},"end":{"line":120,"column":67}}},"fnMap":{"0":{"name":"normalizeDate","decl":{"start":{"line":3,"column":9},"end":{"line":3,"column":22}},"loc":{"start":{"line":3,"column":28},"end":{"line":20,"column":1}},"line":3},"1":{"name":"findAll","decl":{"start":{"line":22,"column":15},"end":{"line":22,"column":22}},"loc":{"start":{"line":22,"column":54},"end":{"line":29,"column":1}},"line":22},"2":{"name":"findById","decl":{"start":{"line":31,"column":15},"end":{"line":31,"column":23}},"loc":{"start":{"line":31,"column":28},"end":{"line":36,"column":1}},"line":31},"3":{"name":"create","decl":{"start":{"line":38,"column":15},"end":{"line":38,"column":21}},"loc":{"start":{"line":38,"column":31},"end":{"line":77,"column":1}},"line":38},"4":{"name":"update","decl":{"start":{"line":79,"column":15},"end":{"line":79,"column":21}},"loc":{"start":{"line":79,"column":35},"end":{"line":112,"column":1}},"line":79},"5":{"name":"(anonymous_5)","decl":{"start":{"line":94,"column":17},"end":{"line":94,"column":18}},"loc":{"start":{"line":94,"column":24},"end":{"line":106,"column":3}},"line":94},"6":{"name":"inactivate","decl":{"start":{"line":114,"column":15},"end":{"line":114,"column":25}},"loc":{"start":{"line":114,"column":30},"end":{"line":118,"column":1}},"line":114}},"branchMap":{"0":{"loc":{"start":{"line":4,"column":2},"end":{"line":4,"column":67}},"type":"if","locations":[{"start":{"line":4,"column":2},"end":{"line":4,"column":67}},{"start":{},"end":{}}],"line":4},"1":{"loc":{"start":{"line":4,"column":6},"end":{"line":4,"column":53}},"type":"binary-expr","locations":[{"start":{"line":4,"column":6},"end":{"line":4,"column":23}},{"start":{"line":4,"column":27},"end":{"line":4,"column":39}},{"start":{"line":4,"column":43},"end":{"line":4,"column":53}}],"line":4},"2":{"loc":{"start":{"line":6,"column":2},"end":{"line":12,"column":3}},"type":"if","locations":[{"start":{"line":6,"column":2},"end":{"line":12,"column":3}},{"start":{},"end":{}}],"line":6},"3":{"loc":{"start":{"line":7,"column":4},"end":{"line":7,"column":42}},"type":"if","locations":[{"start":{"line":7,"column":4},"end":{"line":7,"column":42}},{"start":{},"end":{}}],"line":7},"4":{"loc":{"start":{"line":15,"column":2},"end":{"line":15,"column":52}},"type":"if","locations":[{"start":{"line":15,"column":2},"end":{"line":15,"column":52}},{"start":{},"end":{}}],"line":15},"5":{"loc":{"start":{"line":17,"column":2},"end":{"line":17,"column":52}},"type":"if","locations":[{"start":{"line":17,"column":2},"end":{"line":17,"column":52}},{"start":{},"end":{}}],"line":17},"6":{"loc":{"start":{"line":22,"column":23},"end":{"line":22,"column":52}},"type":"default-arg","locations":[{"start":{"line":22,"column":50},"end":{"line":22,"column":52}}],"line":22},"7":{"loc":{"start":{"line":22,"column":25},"end":{"line":22,"column":45}},"type":"default-arg","locations":[{"start":{"line":22,"column":41},"end":{"line":22,"column":45}}],"line":22},"8":{"loc":{"start":{"line":23,"column":14},"end":{"line":25,"column":170}},"type":"cond-expr","locations":[{"start":{"line":24,"column":6},"end":{"line":24,"column":187}},{"start":{"line":25,"column":6},"end":{"line":25,"column":170}}],"line":23},"9":{"loc":{"start":{"line":26,"column":17},"end":{"line":26,"column":52}},"type":"cond-expr","locations":[{"start":{"line":26,"column":33},"end":{"line":26,"column":47}},{"start":{"line":26,"column":50},"end":{"line":26,"column":52}}],"line":26},"10":{"loc":{"start":{"line":35,"column":9},"end":{"line":35,"column":24}},"type":"binary-expr","locations":[{"start":{"line":35,"column":9},"end":{"line":35,"column":16}},{"start":{"line":35,"column":20},"end":{"line":35,"column":24}}],"line":35},"11":{"loc":{"start":{"line":40,"column":14},"end":{"line":42,"column":164}},"type":"cond-expr","locations":[{"start":{"line":41,"column":6},"end":{"line":41,"column":175}},{"start":{"line":42,"column":6},"end":{"line":42,"column":164}}],"line":40},"12":{"loc":{"start":{"line":44,"column":17},"end":{"line":67,"column":7}},"type":"cond-expr","locations":[{"start":{"line":45,"column":6},"end":{"line":56,"column":7}},{"start":{"line":57,"column":6},"end":{"line":67,"column":7}}],"line":44},"13":{"loc":{"start":{"line":47,"column":8},"end":{"line":47,"column":33}},"type":"binary-expr","locations":[{"start":{"line":47,"column":8},"end":{"line":47,"column":25}},{"start":{"line":47,"column":29},"end":{"line":47,"column":33}}],"line":47},"14":{"loc":{"start":{"line":48,"column":8},"end":{"line":48,"column":29}},"type":"binary-expr","locations":[{"start":{"line":48,"column":8},"end":{"line":48,"column":21}},{"start":{"line":48,"column":25},"end":{"line":48,"column":29}}],"line":48},"15":{"loc":{"start":{"line":49,"column":8},"end":{"line":49,"column":43}},"type":"binary-expr","locations":[{"start":{"line":49,"column":8},"end":{"line":49,"column":30}},{"start":{"line":49,"column":34},"end":{"line":49,"column":43}}],"line":49},"16":{"loc":{"start":{"line":50,"column":8},"end":{"line":50,"column":33}},"type":"binary-expr","locations":[{"start":{"line":50,"column":8},"end":{"line":50,"column":25}},{"start":{"line":50,"column":29},"end":{"line":50,"column":33}}],"line":50},"17":{"loc":{"start":{"line":51,"column":8},"end":{"line":51,"column":35}},"type":"binary-expr","locations":[{"start":{"line":51,"column":8},"end":{"line":51,"column":30}},{"start":{"line":51,"column":34},"end":{"line":51,"column":35}}],"line":51},"18":{"loc":{"start":{"line":52,"column":8},"end":{"line":52,"column":34}},"type":"binary-expr","locations":[{"start":{"line":52,"column":8},"end":{"line":52,"column":26}},{"start":{"line":52,"column":30},"end":{"line":52,"column":34}}],"line":52},"19":{"loc":{"start":{"line":53,"column":8},"end":{"line":53,"column":39}},"type":"binary-expr","locations":[{"start":{"line":53,"column":8},"end":{"line":53,"column":20}},{"start":{"line":53,"column":24},"end":{"line":53,"column":39}}],"line":53},"20":{"loc":{"start":{"line":59,"column":8},"end":{"line":59,"column":33}},"type":"binary-expr","locations":[{"start":{"line":59,"column":8},"end":{"line":59,"column":25}},{"start":{"line":59,"column":29},"end":{"line":59,"column":33}}],"line":59},"21":{"loc":{"start":{"line":60,"column":8},"end":{"line":60,"column":29}},"type":"binary-expr","locations":[{"start":{"line":60,"column":8},"end":{"line":60,"column":21}},{"start":{"line":60,"column":25},"end":{"line":60,"column":29}}],"line":60},"22":{"loc":{"start":{"line":61,"column":8},"end":{"line":61,"column":43}},"type":"binary-expr","locations":[{"start":{"line":61,"column":8},"end":{"line":61,"column":30}},{"start":{"line":61,"column":34},"end":{"line":61,"column":43}}],"line":61},"23":{"loc":{"start":{"line":62,"column":8},"end":{"line":62,"column":33}},"type":"binary-expr","locations":[{"start":{"line":62,"column":8},"end":{"line":62,"column":25}},{"start":{"line":62,"column":29},"end":{"line":62,"column":33}}],"line":62},"24":{"loc":{"start":{"line":63,"column":8},"end":{"line":63,"column":35}},"type":"binary-expr","locations":[{"start":{"line":63,"column":8},"end":{"line":63,"column":30}},{"start":{"line":63,"column":34},"end":{"line":63,"column":35}}],"line":63},"25":{"loc":{"start":{"line":64,"column":8},"end":{"line":64,"column":34}},"type":"binary-expr","locations":[{"start":{"line":64,"column":8},"end":{"line":64,"column":26}},{"start":{"line":64,"column":30},"end":{"line":64,"column":34}}],"line":64},"26":{"loc":{"start":{"line":65,"column":8},"end":{"line":65,"column":39}},"type":"binary-expr","locations":[{"start":{"line":65,"column":8},"end":{"line":65,"column":20}},{"start":{"line":65,"column":24},"end":{"line":65,"column":39}}],"line":65},"27":{"loc":{"start":{"line":70,"column":4},"end":{"line":70,"column":72}},"type":"binary-expr","locations":[{"start":{"line":70,"column":4},"end":{"line":70,"column":16}},{"start":{"line":70,"column":21},"end":{"line":70,"column":71}}],"line":70},"28":{"loc":{"start":{"line":70,"column":21},"end":{"line":70,"column":71}},"type":"cond-expr","locations":[{"start":{"line":70,"column":47},"end":{"line":70,"column":59}},{"start":{"line":70,"column":62},"end":{"line":70,"column":71}}],"line":70},"29":{"loc":{"start":{"line":70,"column":21},"end":{"line":70,"column":44}},"type":"binary-expr","locations":[{"start":{"line":70,"column":21},"end":{"line":70,"column":24}},{"start":{"line":70,"column":28},"end":{"line":70,"column":44}}],"line":70},"30":{"loc":{"start":{"line":71,"column":2},"end":{"line":71,"column":42}},"type":"if","locations":[{"start":{"line":71,"column":2},"end":{"line":71,"column":42}},{"start":{},"end":{}}],"line":71},"31":{"loc":{"start":{"line":76,"column":9},"end":{"line":76,"column":24}},"type":"binary-expr","locations":[{"start":{"line":76,"column":9},"end":{"line":76,"column":16}},{"start":{"line":76,"column":20},"end":{"line":76,"column":24}}],"line":76},"32":{"loc":{"start":{"line":95,"column":4},"end":{"line":105,"column":5}},"type":"if","locations":[{"start":{"line":95,"column":4},"end":{"line":105,"column":5}},{"start":{},"end":{}}],"line":95},"33":{"loc":{"start":{"line":98,"column":6},"end":{"line":104,"column":7}},"type":"if","locations":[{"start":{"line":98,"column":6},"end":{"line":104,"column":7}},{"start":{"line":100,"column":13},"end":{"line":104,"column":7}}],"line":98},"34":{"loc":{"start":{"line":100,"column":13},"end":{"line":104,"column":7}},"type":"if","locations":[{"start":{"line":100,"column":13},"end":{"line":104,"column":7}},{"start":{"line":102,"column":13},"end":{"line":104,"column":7}}],"line":100},"35":{"loc":{"start":{"line":107,"column":2},"end":{"line":107,"column":40}},"type":"if","locations":[{"start":{"line":107,"column":2},"end":{"line":107,"column":40}},{"start":{},"end":{}}],"line":107}},"s":{"0":3,"1":0,"2":0,"3":0,"4":0,"5":0,"6":0,"7":0,"8":0,"9":0,"10":0,"11":0,"12":0,"13":0,"14":0,"15":0,"16":0,"17":0,"18":0,"19":0,"20":0,"21":0,"22":0,"23":0,"24":0,"25":0,"26":0,"27":0,"28":0,"29":0,"30":0,"31":0,"32":0,"33":0,"34":0,"35":0,"36":0,"37":0,"38":0,"39":0,"40":0,"41":0,"42":0,"43":0,"44":0,"45":0,"46":0,"47":0,"48":0,"49":0,"50":0,"51":0,"52":3},"f":{"0":0,"1":0,"2":0,"3":0,"4":0,"5":0,"6":0},"b":{"0":[0,0],"1":[0,0,0],"2":[0,0],"3":[0,0],"4":[0,0],"5":[0,0],"6":[0],"7":[0],"8":[0,0],"9":[0,0],"10":[0,0],"11":[0,0],"12":[0,0],"13":[0,0],"14":[0,0],"15":[0,0],"16":[0,0],"17":[0,0],"18":[0,0],"19":[0,0],"20":[0,0],"21":[0,0],"22":[0,0],"23":[0,0],"24":[0,0],"25":[0,0],"26":[0,0],"27":[0,0],"28":[0,0],"29":[0,0],"30":[0,0],"31":[0,0],"32":[0,0],"33":[0,0],"34":[0,0],"35":[0,0]},"_coverageSchema":"1a1c01bbd47fc00a2c39e90264f33305004495a9","hash":"d7e36683aa29722c98ce2b8e26781a2435d5e590"}
,"C:\\Users\\user\\Documents\\GitHub\\Copilot\\snacktrack1\\data\\userData.js": {"path":"C:\\Users\\user\\Documents\\GitHub\\Copilot\\snacktrack1\\data\\userData.js","statementMap":{"0":{"start":{"line":1,"column":11},"end":{"line":1,"column":40}},"1":{"start":{"line":4,"column":15},"end":{"line":7,"column":3}},"2":{"start":{"line":8,"column":2},"end":{"line":8,"column":46}},"3":{"start":{"line":12,"column":15},"end":{"line":15,"column":3}},"4":{"start":{"line":16,"column":2},"end":{"line":16,"column":46}},"5":{"start":{"line":20,"column":15},"end":{"line":22,"column":3}},"6":{"start":{"line":23,"column":2},"end":{"line":23,"column":14}},"7":{"start":{"line":27,"column":14},"end":{"line":30,"column":3}},"8":{"start":{"line":31,"column":2},"end":{"line":31,"column":51}},"9":{"start":{"line":35,"column":15},"end":{"line":35,"column":17}},"10":{"start":{"line":36,"column":17},"end":{"line":36,"column":19}},"11":{"start":{"line":37,"column":2},"end":{"line":40,"column":5}},"12":{"start":{"line":38,"column":4},"end":{"line":38,"column":26}},"13":{"start":{"line":39,"column":4},"end":{"line":39,"column":25}},"14":{"start":{"line":41,"column":2},"end":{"line":41,"column":27}},"15":{"start":{"line":41,"column":20},"end":{"line":41,"column":27}},"16":{"start":{"line":42,"column":2},"end":{"line":42,"column":18}},"17":{"start":{"line":43,"column":2},"end":{"line":43,"column":80}},"18":{"start":{"line":47,"column":2},"end":{"line":50,"column":5}},"19":{"start":{"line":53,"column":0},"end":{"line":53,"column":80}}},"fnMap":{"0":{"name":"findByEmail","decl":{"start":{"line":3,"column":15},"end":{"line":3,"column":26}},"loc":{"start":{"line":3,"column":34},"end":{"line":9,"column":1}},"line":3},"1":{"name":"findById","decl":{"start":{"line":11,"column":15},"end":{"line":11,"column":23}},"loc":{"start":{"line":11,"column":28},"end":{"line":17,"column":1}},"line":11},"2":{"name":"findAll","decl":{"start":{"line":19,"column":15},"end":{"line":19,"column":22}},"loc":{"start":{"line":19,"column":25},"end":{"line":24,"column":1}},"line":19},"3":{"name":"insert","decl":{"start":{"line":26,"column":15},"end":{"line":26,"column":21}},"loc":{"start":{"line":26,"column":54},"end":{"line":32,"column":1}},"line":26},"4":{"name":"update","decl":{"start":{"line":34,"column":15},"end":{"line":34,"column":21}},"loc":{"start":{"line":34,"column":32},"end":{"line":44,"column":1}},"line":34},"5":{"name":"(anonymous_5)","decl":{"start":{"line":37,"column":28},"end":{"line":37,"column":29}},"loc":{"start":{"line":37,"column":35},"end":{"line":40,"column":3}},"line":37},"6":{"name":"softDelete","decl":{"start":{"line":46,"column":15},"end":{"line":46,"column":25}},"loc":{"start":{"line":46,"column":30},"end":{"line":51,"column":1}},"line":46}},"branchMap":{"0":{"loc":{"start":{"line":8,"column":9},"end":{"line":8,"column":45}},"type":"cond-expr","locations":[{"start":{"line":8,"column":31},"end":{"line":8,"column":38}},{"start":{"line":8,"column":41},"end":{"line":8,"column":45}}],"line":8},"1":{"loc":{"start":{"line":8,"column":9},"end":{"line":8,"column":28}},"type":"binary-expr","locations":[{"start":{"line":8,"column":9},"end":{"line":8,"column":13}},{"start":{"line":8,"column":17},"end":{"line":8,"column":28}}],"line":8},"2":{"loc":{"start":{"line":16,"column":9},"end":{"line":16,"column":45}},"type":"cond-expr","locations":[{"start":{"line":16,"column":31},"end":{"line":16,"column":38}},{"start":{"line":16,"column":41},"end":{"line":16,"column":45}}],"line":16},"3":{"loc":{"start":{"line":16,"column":9},"end":{"line":16,"column":28}},"type":"binary-expr","locations":[{"start":{"line":16,"column":9},"end":{"line":16,"column":13}},{"start":{"line":16,"column":17},"end":{"line":16,"column":28}}],"line":16},"4":{"loc":{"start":{"line":31,"column":9},"end":{"line":31,"column":50}},"type":"cond-expr","locations":[{"start":{"line":31,"column":31},"end":{"line":31,"column":43}},{"start":{"line":31,"column":46},"end":{"line":31,"column":50}}],"line":31},"5":{"loc":{"start":{"line":31,"column":9},"end":{"line":31,"column":28}},"type":"binary-expr","locations":[{"start":{"line":31,"column":9},"end":{"line":31,"column":12}},{"start":{"line":31,"column":16},"end":{"line":31,"column":28}}],"line":31},"6":{"loc":{"start":{"line":41,"column":2},"end":{"line":41,"column":27}},"type":"if","locations":[{"start":{"line":41,"column":2},"end":{"line":41,"column":27}},{"start":{},"end":{}}],"line":41}},"s":{"0":1,"1":0,"2":0,"3":0,"4":0,"5":0,"6":0,"7":0,"8":0,"9":0,"10":0,"11":0,"12":0,"13":0,"14":0,"15":0,"16":0,"17":0,"18":0,"19":1},"f":{"0":0,"1":0,"2":0,"3":0,"4":0,"5":0,"6":0},"b":{"0":[0,0],"1":[0,0],"2":[0,0],"3":[0,0],"4":[0,0],"5":[0,0],"6":[0,0]},"_coverageSchema":"1a1c01bbd47fc00a2c39e90264f33305004495a9","hash":"5acf5902df9878dc56e987036675fa3313a1bfea"}
,"C:\\Users\\user\\Documents\\GitHub\\Copilot\\snacktrack1\\middleware\\authMiddleware.js": {"path":"C:\\Users\\user\\Documents\\GitHub\\Copilot\\snacktrack1\\middleware\\authMiddleware.js","statementMap":{"0":{"start":{"line":2,"column":2},"end":{"line":2,"column":53}},"1":{"start":{"line":2,"column":39},"end":{"line":2,"column":53}},"2":{"start":{"line":3,"column":2},"end":{"line":4,"column":59}},"3":{"start":{"line":4,"column":4},"end":{"line":4,"column":59}},"4":{"start":{"line":5,"column":2},"end":{"line":5,"column":37}},"5":{"start":{"line":9,"column":2},"end":{"line":18,"column":4}},"6":{"start":{"line":10,"column":4},"end":{"line":14,"column":5}},"7":{"start":{"line":11,"column":6},"end":{"line":12,"column":63}},"8":{"start":{"line":12,"column":8},"end":{"line":12,"column":63}},"9":{"start":{"line":13,"column":6},"end":{"line":13,"column":41}},"10":{"start":{"line":15,"column":21},"end":{"line":15,"column":44}},"11":{"start":{"line":16,"column":4},"end":{"line":16,"column":65}},"12":{"start":{"line":16,"column":51},"end":{"line":16,"column":65}},"13":{"start":{"line":17,"column":4},"end":{"line":17,"column":56}},"14":{"start":{"line":21,"column":0},"end":{"line":21,"column":46}}},"fnMap":{"0":{"name":"requireAuth","decl":{"start":{"line":1,"column":9},"end":{"line":1,"column":20}},"loc":{"start":{"line":1,"column":37},"end":{"line":6,"column":1}},"line":1},"1":{"name":"requireRole","decl":{"start":{"line":8,"column":9},"end":{"line":8,"column":20}},"loc":{"start":{"line":8,"column":33},"end":{"line":19,"column":1}},"line":8},"2":{"name":"(anonymous_2)","decl":{"start":{"line":9,"column":9},"end":{"line":9,"column":10}},"loc":{"start":{"line":9,"column":29},"end":{"line":18,"column":3}},"line":9}},"branchMap":{"0":{"loc":{"start":{"line":2,"column":2},"end":{"line":2,"column":53}},"type":"if","locations":[{"start":{"line":2,"column":2},"end":{"line":2,"column":53}},{"start":{},"end":{}}],"line":2},"1":{"loc":{"start":{"line":2,"column":6},"end":{"line":2,"column":37}},"type":"binary-expr","locations":[{"start":{"line":2,"column":6},"end":{"line":2,"column":17}},{"start":{"line":2,"column":21},"end":{"line":2,"column":37}}],"line":2},"2":{"loc":{"start":{"line":3,"column":2},"end":{"line":4,"column":59}},"type":"if","locations":[{"start":{"line":3,"column":2},"end":{"line":4,"column":59}},{"start":{},"end":{}}],"line":3},"3":{"loc":{"start":{"line":8,"column":21},"end":{"line":8,"column":31}},"type":"default-arg","locations":[{"start":{"line":8,"column":29},"end":{"line":8,"column":31}}],"line":8},"4":{"loc":{"start":{"line":10,"column":4},"end":{"line":14,"column":5}},"type":"if","locations":[{"start":{"line":10,"column":4},"end":{"line":14,"column":5}},{"start":{},"end":{}}],"line":10},"5":{"loc":{"start":{"line":10,"column":8},"end":{"line":10,"column":41}},"type":"binary-expr","locations":[{"start":{"line":10,"column":8},"end":{"line":10,"column":20}},{"start":{"line":10,"column":24},"end":{"line":10,"column":41}}],"line":10},"6":{"loc":{"start":{"line":11,"column":6},"end":{"line":12,"column":63}},"type":"if","locations":[{"start":{"line":11,"column":6},"end":{"line":12,"column":63}},{"start":{},"end":{}}],"line":11},"7":{"loc":{"start":{"line":16,"column":4},"end":{"line":16,"column":65}},"type":"if","locations":[{"start":{"line":16,"column":4},"end":{"line":16,"column":65}},{"start":{},"end":{}}],"line":16},"8":{"loc":{"start":{"line":16,"column":8},"end":{"line":16,"column":49}},"type":"binary-expr","locations":[{"start":{"line":16,"column":8},"end":{"line":16,"column":21}},{"start":{"line":16,"column":25},"end":{"line":16,"column":49}}],"line":16}},"s":{"0":11,"1":11,"2":0,"3":0,"4":0,"5":10,"6":0,"7":0,"8":0,"9":0,"10":0,"11":0,"12":0,"13":0,"14":1},"f":{"0":11,"1":10,"2":0},"b":{"0":[11,0],"1":[11,11],"2":[0,0],"3":[0],"4":[0,0],"5":[0,0],"6":[0,0],"7":[0,0],"8":[0,0]},"_coverageSchema":"1a1c01bbd47fc00a2c39e90264f33305004495a9","hash":"74160b9358b332de0e793953e4515a4ca8e7baac"}
,"C:\\Users\\user\\Documents\\GitHub\\Copilot\\snacktrack1\\middleware\\validacaoMovimentacao.js": {"path":"C:\\Users\\user\\Documents\\GitHub\\Copilot\\snacktrack1\\middleware\\validacaoMovimentacao.js","statementMap":{"0":{"start":{"line":1,"column":20},"end":{"line":1,"column":50}},"1":{"start":{"line":2,"column":18},"end":{"line":2,"column":46}},"2":{"start":{"line":5,"column":17},"end":{"line":5,"column":19}},"3":{"start":{"line":6,"column":15},"end":{"line":6,"column":29}},"4":{"start":{"line":7,"column":2},"end":{"line":7,"column":120}},"5":{"start":{"line":7,"column":46},"end":{"line":7,"column":120}},"6":{"start":{"line":8,"column":2},"end":{"line":8,"column":120}},"7":{"start":{"line":8,"column":46},"end":{"line":8,"column":120}},"8":{"start":{"line":9,"column":2},"end":{"line":9,"column":96}},"9":{"start":{"line":9,"column":21},"end":{"line":9,"column":96}},"10":{"start":{"line":10,"column":12},"end":{"line":10,"column":35}},"11":{"start":{"line":11,"column":2},"end":{"line":11,"column":175}},"12":{"start":{"line":11,"column":33},"end":{"line":11,"column":175}},"13":{"start":{"line":12,"column":2},"end":{"line":12,"column":9}},"14":{"start":{"line":16,"column":2},"end":{"line":23,"column":5}},"15":{"start":{"line":17,"column":37},"end":{"line":17,"column":45}},"16":{"start":{"line":18,"column":17},"end":{"line":18,"column":55}},"17":{"start":{"line":19,"column":4},"end":{"line":19,"column":170}},"18":{"start":{"line":19,"column":47},"end":{"line":19,"column":170}},"19":{"start":{"line":20,"column":18},"end":{"line":20,"column":52}},"20":{"start":{"line":21,"column":4},"end":{"line":21,"column":163}},"21":{"start":{"line":21,"column":44},"end":{"line":21,"column":163}},"22":{"start":{"line":22,"column":4},"end":{"line":22,"column":11}},"23":{"start":{"line":27,"column":2},"end":{"line":34,"column":5}},"24":{"start":{"line":28,"column":37},"end":{"line":28,"column":45}},"25":{"start":{"line":29,"column":17},"end":{"line":29,"column":55}},"26":{"start":{"line":30,"column":4},"end":{"line":30,"column":170}},"27":{"start":{"line":30,"column":47},"end":{"line":30,"column":170}},"28":{"start":{"line":31,"column":18},"end":{"line":31,"column":52}},"29":{"start":{"line":32,"column":4},"end":{"line":32,"column":163}},"30":{"start":{"line":32,"column":44},"end":{"line":32,"column":163}},"31":{"start":{"line":33,"column":4},"end":{"line":33,"column":11}},"32":{"start":{"line":38,"column":15},"end":{"line":38,"column":29}},"33":{"start":{"line":39,"column":17},"end":{"line":39,"column":19}},"34":{"start":{"line":40,"column":2},"end":{"line":40,"column":120}},"35":{"start":{"line":40,"column":46},"end":{"line":40,"column":120}},"36":{"start":{"line":41,"column":2},"end":{"line":41,"column":135}},"37":{"start":{"line":41,"column":51},"end":{"line":41,"column":135}},"38":{"start":{"line":42,"column":2},"end":{"line":42,"column":138}},"39":{"start":{"line":42,"column":52},"end":{"line":42,"column":138}},"40":{"start":{"line":43,"column":2},"end":{"line":43,"column":120}},"41":{"start":{"line":43,"column":46},"end":{"line":43,"column":120}},"42":{"start":{"line":44,"column":2},"end":{"line":44,"column":96}},"43":{"start":{"line":44,"column":21},"end":{"line":44,"column":96}},"44":{"start":{"line":45,"column":12},"end":{"line":45,"column":35}},"45":{"start":{"line":46,"column":2},"end":{"line":46,"column":175}},"46":{"start":{"line":46,"column":33},"end":{"line":46,"column":175}},"47":{"start":{"line":47,"column":2},"end":{"line":47,"column":209}},"48":{"start":{"line":47,"column":54},"end":{"line":47,"column":209}},"49":{"start":{"line":48,"column":15},"end":{"line":48,"column":58}},"50":{"start":{"line":49,"column":2},"end":{"line":49,"column":168}},"51":{"start":{"line":49,"column":45},"end":{"line":49,"column":168}},"52":{"start":{"line":50,"column":17},"end":{"line":50,"column":63}},"53":{"start":{"line":51,"column":2},"end":{"line":51,"column":177}},"54":{"start":{"line":51,"column":44},"end":{"line":51,"column":177}},"55":{"start":{"line":52,"column":18},"end":{"line":52,"column":65}},"56":{"start":{"line":53,"column":2},"end":{"line":53,"column":181}},"57":{"start":{"line":53,"column":46},"end":{"line":53,"column":181}},"58":{"start":{"line":54,"column":2},"end":{"line":54,"column":9}},"59":{"start":{"line":57,"column":0},"end":{"line":57,"column":72}}},"fnMap":{"0":{"name":"validarBase","decl":{"start":{"line":4,"column":15},"end":{"line":4,"column":26}},"loc":{"start":{"line":4,"column":43},"end":{"line":13,"column":1}},"line":4},"1":{"name":"validarEntrada","decl":{"start":{"line":15,"column":15},"end":{"line":15,"column":29}},"loc":{"start":{"line":15,"column":46},"end":{"line":24,"column":1}},"line":15},"2":{"name":"(anonymous_2)","decl":{"start":{"line":16,"column":30},"end":{"line":16,"column":31}},"loc":{"start":{"line":16,"column":42},"end":{"line":23,"column":3}},"line":16},"3":{"name":"validarSaida","decl":{"start":{"line":26,"column":15},"end":{"line":26,"column":27}},"loc":{"start":{"line":26,"column":44},"end":{"line":35,"column":1}},"line":26},"4":{"name":"(anonymous_4)","decl":{"start":{"line":27,"column":30},"end":{"line":27,"column":31}},"loc":{"start":{"line":27,"column":42},"end":{"line":34,"column":3}},"line":27},"5":{"name":"validarTransferencia","decl":{"start":{"line":37,"column":15},"end":{"line":37,"column":35}},"loc":{"start":{"line":37,"column":52},"end":{"line":55,"column":1}},"line":37}},"branchMap":{"0":{"loc":{"start":{"line":6,"column":15},"end":{"line":6,"column":29}},"type":"binary-expr","locations":[{"start":{"line":6,"column":15},"end":{"line":6,"column":23}},{"start":{"line":6,"column":27},"end":{"line":6,"column":29}}],"line":6},"1":{"loc":{"start":{"line":7,"column":2},"end":{"line":7,"column":120}},"type":"if","locations":[{"start":{"line":7,"column":2},"end":{"line":7,"column":120}},{"start":{},"end":{}}],"line":7},"2":{"loc":{"start":{"line":8,"column":2},"end":{"line":8,"column":120}},"type":"if","locations":[{"start":{"line":8,"column":2},"end":{"line":8,"column":120}},{"start":{},"end":{}}],"line":8},"3":{"loc":{"start":{"line":9,"column":2},"end":{"line":9,"column":96}},"type":"if","locations":[{"start":{"line":9,"column":2},"end":{"line":9,"column":96}},{"start":{},"end":{}}],"line":9},"4":{"loc":{"start":{"line":11,"column":2},"end":{"line":11,"column":175}},"type":"if","locations":[{"start":{"line":11,"column":2},"end":{"line":11,"column":175}},{"start":{},"end":{}}],"line":11},"5":{"loc":{"start":{"line":11,"column":6},"end":{"line":11,"column":31}},"type":"binary-expr","locations":[{"start":{"line":11,"column":6},"end":{"line":11,"column":21}},{"start":{"line":11,"column":25},"end":{"line":11,"column":31}}],"line":11},"6":{"loc":{"start":{"line":19,"column":4},"end":{"line":19,"column":170}},"type":"if","locations":[{"start":{"line":19,"column":4},"end":{"line":19,"column":170}},{"start":{},"end":{}}],"line":19},"7":{"loc":{"start":{"line":19,"column":8},"end":{"line":19,"column":45}},"type":"binary-expr","locations":[{"start":{"line":19,"column":8},"end":{"line":19,"column":13}},{"start":{"line":19,"column":17},"end":{"line":19,"column":45}}],"line":19},"8":{"loc":{"start":{"line":21,"column":4},"end":{"line":21,"column":163}},"type":"if","locations":[{"start":{"line":21,"column":4},"end":{"line":21,"column":163}},{"start":{},"end":{}}],"line":21},"9":{"loc":{"start":{"line":21,"column":8},"end":{"line":21,"column":42}},"type":"binary-expr","locations":[{"start":{"line":21,"column":8},"end":{"line":21,"column":14}},{"start":{"line":21,"column":18},"end":{"line":21,"column":42}}],"line":21},"10":{"loc":{"start":{"line":30,"column":4},"end":{"line":30,"column":170}},"type":"if","locations":[{"start":{"line":30,"column":4},"end":{"line":30,"column":170}},{"start":{},"end":{}}],"line":30},"11":{"loc":{"start":{"line":30,"column":8},"end":{"line":30,"column":45}},"type":"binary-expr","locations":[{"start":{"line":30,"column":8},"end":{"line":30,"column":13}},{"start":{"line":30,"column":17},"end":{"line":30,"column":45}}],"line":30},"12":{"loc":{"start":{"line":32,"column":4},"end":{"line":32,"column":163}},"type":"if","locations":[{"start":{"line":32,"column":4},"end":{"line":32,"column":163}},{"start":{},"end":{}}],"line":32},"13":{"loc":{"start":{"line":32,"column":8},"end":{"line":32,"column":42}},"type":"binary-expr","locations":[{"start":{"line":32,"column":8},"end":{"line":32,"column":14}},{"start":{"line":32,"column":18},"end":{"line":32,"column":42}}],"line":32},"14":{"loc":{"start":{"line":38,"column":15},"end":{"line":38,"column":29}},"type":"binary-expr","locations":[{"start":{"line":38,"column":15},"end":{"line":38,"column":23}},{"start":{"line":38,"column":27},"end":{"line":38,"column":29}}],"line":38},"15":{"loc":{"start":{"line":40,"column":2},"end":{"line":40,"column":120}},"type":"if","locations":[{"start":{"line":40,"column":2},"end":{"line":40,"column":120}},{"start":{},"end":{}}],"line":40},"16":{"loc":{"start":{"line":41,"column":2},"end":{"line":41,"column":135}},"type":"if","locations":[{"start":{"line":41,"column":2},"end":{"line":41,"column":135}},{"start":{},"end":{}}],"line":41},"17":{"loc":{"start":{"line":42,"column":2},"end":{"line":42,"column":138}},"type":"if","locations":[{"start":{"line":42,"column":2},"end":{"line":42,"column":138}},{"start":{},"end":{}}],"line":42},"18":{"loc":{"start":{"line":43,"column":2},"end":{"line":43,"column":120}},"type":"if","locations":[{"start":{"line":43,"column":2},"end":{"line":43,"column":120}},{"start":{},"end":{}}],"line":43},"19":{"loc":{"start":{"line":44,"column":2},"end":{"line":44,"column":96}},"type":"if","locations":[{"start":{"line":44,"column":2},"end":{"line":44,"column":96}},{"start":{},"end":{}}],"line":44},"20":{"loc":{"start":{"line":46,"column":2},"end":{"line":46,"column":175}},"type":"if","locations":[{"start":{"line":46,"column":2},"end":{"line":46,"column":175}},{"start":{},"end":{}}],"line":46},"21":{"loc":{"start":{"line":46,"column":6},"end":{"line":46,"column":31}},"type":"binary-expr","locations":[{"start":{"line":46,"column":6},"end":{"line":46,"column":21}},{"start":{"line":46,"column":25},"end":{"line":46,"column":31}}],"line":46},"22":{"loc":{"start":{"line":47,"column":2},"end":{"line":47,"column":209}},"type":"if","locations":[{"start":{"line":47,"column":2},"end":{"line":47,"column":209}},{"start":{},"end":{}}],"line":
[...]
,"C:\\Users\\user\\Documents\\GitHub\\Copilot\\snacktrack1\\services\\produtoService.js": {"path":"C:\\Users\\user\\Documents\\GitHub\\Copilot\\snacktrack1\\services\\produtoService.js","statementMap":{"0":{"start":{"line":1,"column":20},"end":{"line":1,"column":50}},"1":{"start":{"line":3,"column":17},"end":{"line":3,"column":43}},"2":{"start":{"line":4,"column":19},"end":{"line":4,"column":65}},"3":{"start":{"line":5,"column":14},"end":{"line":5,"column":73}},"4":{"start":{"line":8,"column":17},"end":{"line":8,"column":19}},"5":{"start":{"line":9,"column":2},"end":{"line":12,"column":3}},"6":{"start":{"line":10,"column":4},"end":{"line":11,"column":73}},"7":{"start":{"line":11,"column":6},"end":{"line":11,"column":73}},"8":{"start":{"line":14,"column":2},"end":{"line":22,"column":3}},"9":{"start":{"line":15,"column":4},"end":{"line":21,"column":5}},"10":{"start":{"line":20,"column":6},"end":{"line":20,"column":41}},"11":{"start":{"line":23,"column":2},"end":{"line":31,"column":3}},"12":{"start":{"line":28,"column":14},"end":{"line":28,"column":35}},"13":{"start":{"line":29,"column":4},"end":{"line":30,"column":52}},"14":{"start":{"line":30,"column":6},"end":{"line":30,"column":52}},"15":{"start":{"line":32,"column":2},"end":{"line":39,"column":3}},"16":{"start":{"line":36,"column":14},"end":{"line":36,"column":44}},"17":{"start":{"line":37,"column":4},"end":{"line":38,"column":65}},"18":{"start":{"line":38,"column":6},"end":{"line":38,"column":65}},"19":{"start":{"line":40,"column":2},"end":{"line":46,"column":3}},"20":{"start":{"line":44,"column":4},"end":{"line":45,"column":45}},"21":{"start":{"line":45,"column":6},"end":{"line":45,"column":45}},"22":{"start":{"line":47,"column":2},"end":{"line":50,"column":3}},"23":{"start":{"line":48,"column":4},"end":{"line":49,"column":40}},"24":{"start":{"line":49,"column":6},"end":{"line":49,"column":40}},"25":{"start":{"line":51,"column":2},"end":{"line":53,"column":3}},"26":{"start":{"line":52,"column":4},"end":{"line":52,"column":68}},"27":{"start":{"line":52,"column":39},"end":{"line":52,"column":68}},"28":{"start":{"line":54,"column":2},"end":{"line":67,"column":3}},"29":{"start":{"line":59,"column":14},"end":{"line":59,"column":45}},"30":{"start":{"line":60,"column":4},"end":{"line":66,"column":5}},"31":{"start":{"line":60,"column":28},"end":{"line":60,"column":66}},"32":{"start":{"line":62,"column":18},"end":{"line":62,"column":28}},"33":{"start":{"line":64,"column":6},"end":{"line":65,"column":64}},"34":{"start":{"line":65,"column":8},"end":{"line":65,"column":64}},"35":{"start":{"line":68,"column":2},"end":{"line":68,"column":16}},"36":{"start":{"line":72,"column":2},"end":{"line":72,"column":48}},"37":{"start":{"line":76,"column":12},"end":{"line":76,"column":42}},"38":{"start":{"line":77,"column":2},"end":{"line":77,"column":67}},"39":{"start":{"line":77,"column":10},"end":{"line":77,"column":67}},"40":{"start":{"line":78,"column":2},"end":{"line":78,"column":11}},"41":{"start":{"line":82,"column":17},"end":{"line":82,"column":60}},"42":{"start":{"line":83,"column":2},"end":{"line":83,"column":71}},"43":{"start":{"line":83,"column":21},"end":{"line":83,"column":71}},"44":{"start":{"line":84,"column":18},"end":{"line":84,"column":51}},"45":{"start":{"line":85,"column":2},"end":{"line":85,"column":17}},"46":{"start":{"line":89,"column":19},"end":{"line":89,"column":49}},"47":{"start":{"line":90,"column":2},"end":{"line":90,"column":74}},"48":{"start":{"line":90,"column":17},"end":{"line":90,"column":74}},"49":{"start":{"line":91,"column":17},"end":{"line":91,"column":59}},"50":{"start":{"line":92,"column":2},"end":{"line":92,"column":71}},"51":{"start":{"line":92,"column":21},"end":{"line":92,"column":71}},"52":{"start":{"line":93,"column":18},"end":{"line":93,"column":55}},"53":{"start":{"line":94,"column":2},"end":{"line":94,"column":17}},"54":{"start":{"line":98,"column":19},"end":{"line":98,"column":49}},"55":{"start":{"line":99,"column":2},"end":{"line":99,"column":74}},"56":{"start":{"line":99,"column":17},"end":{"line":99,"column":74}},"57":{"start":{"line":101,"column":18},"end":{"line":101,"column":50}},"58":{"start":{"line":102,"column":2},"end":{"line":102,"column":17}},"59":{"start":{"line":105,"column":0},"end":{"line":105,"column":74}}},"fnMap":{"0":{"name":"validateInput","decl":{"start":{"line":7,"column":9},"end":{"line":7,"column":22}},"loc":{"start":{"line":7,"column":64},"end":{"line":69,"column":1}},"line":7},"1":{"name":"listarTodos","decl":{"start":{"line":71,"column":15},"end":{"line":71,"column":26}},"loc":{"start":{"line":71,"column":58},"end":{"line":73,"column":1}},"line":71},"2":{"name":"buscarPorId","decl":{"start":{"line":75,"column":15},"end":{"line":75,"column":26}},"loc":{"start":{"line":75,"column":31},"end":{"line":79,"column":1}},"line":75},"3":{"name":"criar","decl":{"start":{"line":81,"column":15},"end":{"line":81,"column":20}},"loc":{"start":{"line":81,"column":35},"end":{"line":86,"column":1}},"line":81},"4":{"name":"atualizar","decl":{"start":{"line":88,"column":15},"end":{"line":88,"column":24}},"loc":{"start":{"line":88,"column":43},"end":{"line":95,"column":1}},"line":88},"5":{"name":"inativar","decl":{"start":{"line":97,"column":15},"end":{"line":97,"column":23}},"loc":{"start":{"line":97,"column":28},"end":{"line":103,"column":1}},"line":97}},"branchMap":{"0":{"loc":{"start":{"line":7,"column":23},"end":{"line":7,"column":35}},"type":"default-arg","locations":[{"start":{"line":7,"column":33},"end":{"line":7,"column":35}}],"line":7},"1":{"loc":{"start":{"line":7,"column":37},"end":{"line":7,"column":62}},"type":"default-arg","locations":[{"start":{"line":7,"column":60},"end":{"line":7,"column":62}}],"line":7},"2":{"loc":{"start":{"line":7,"column":39},"end":{"line":7,"column":55}},"type":"default-arg","locations":[{"start":{"line":7,"column":50},"end":{"line":7,"column":55}}],"line":7},"3":{"loc":{"start":{"line":9,"column":2},"end":{"line":12,"column":3}},"type":"if","locations":[{"start":{"line":9,"column":2},"end":{"line":12,"column":3}},{"start":{},"end":{}}],"line":9},"4":{"loc":{"start":{"line":9,"column":6},"end":{"line":9,"column":54}},"type":"binary-expr","locations":[{"start":{"line":9,"column":6},"end":{"line":9,"column":15}},{"start":{"line":9,"column":19},"end":{"line":9,"column":54}}],"line":9},"5":{"loc":{"start":{"line":10,"column":4},"end":{"line":11,"column":73}},"type":"if","locations":[{"start":{"line":10,"column":4},"end":{"line":11,"column":73}},{"start":{},"end":{}}],"line":10},"6":{"loc":{"start":{"line":10,"column":8},"end":{"line":10,"column":63}},"type":"binary-expr","locations":[{"start":{"line":10,"column":8},"end":{"line":10,"column":21}},{"start":{"line":10,"column":25},"end":{"line":10,"column":63}}],"line":10},"7":{"loc":{"start":{"line":14,"column":2},"end":{"line":22,"column":3}},"type":"if","locations":[{"start":{"line":14,"column":2},"end":{"line":22,"column":3}},{"start":{},"end":{}}],"line":14},"8":{"loc":{"start":{"line":15,"column":4},"end":{"line":21,"column":5}},"type":"if","locations":[{"start":{"line":15,"column":4},"end":{"line":21,"column":5}},{"start":{},"end":{}}],"line":15},"9":{"loc":{"start":{"line":16,"column":6},"end":{"line":18,"column":26}},"type":"binary-expr","locations":[{"start":{"line":16,"column":6},"end":{"line":16,"column":33}},{"start":{"line":17,"column":6},"end":{"line":17,"column":28}},{"start":{"line":18,"column":6},"end":{"line":18,"column":26}}],"line":16},"10":{"loc":{"start":{"line":23,"column":2},"end":{"line":31,"column":3}},"type":"if","locations":[{"start":{"line":23,"column":2},"end":{"line":31,"column":3}},{"start":{},"end":{}}],"line":23},"11":{"loc":{"start":{"line":24,"column":4},"end":{"line":26,"column":24}},"type":"binary-expr","locations":[{"start":{"line":24,"column":4},"end":{"line":24,"column":40}},{"start":{"line":25,"column":4},"end":{"line":25,"column":26}},{"start":{"line":26,"column":4},"end":{"line":26,"column":24}}],"line":24},"12":{"loc":{"start":{"line":29,"column":4},"end":{"line":30,"column":52}},"type":"if","locations":[{"start":{"line":29,"column":4},"end":{"line":30,"column":52}},{"start":{},"end":{}}],"line":29},"13":{"loc":{"start":{"line":29,"column":8},"end":{"line":29,"column":33}},"type":"binary-expr","locations":[{"start":{"line":29,"column":8},"end":{"line":29,"column":23}},{"start":{"line":29,"column":27},"end":{"line":29,"column":33}}],"line":29},"14":{"loc":{"start":{"line":32,"column":2},"end":{"line":39,"column":3}},"type":"if","locations":[{"start":{"line":32,"column":2},"end":{"line":39,"column":3}},{"start":{},"end":{}}],"line":32},"15":{"loc":{"start":{"line":33,"column":4},"end":{"line":34,"column":35}},"type":"binary-expr","locations":[{"start":{"line":33,"column":4},"end":{"line":33,"column":49}},{"start":{"line":34,"column":4},"end":{"line":34,"column":35}}],"line":33},"16":{"loc":{"start":{"line":37,"column":4},"end":{"line":38,"column":65}},"type":"if","locations":[{"start":{"line":37,"column":4},"end":{"line":38,"column":65}},{"start":{},"end":{}}],"line":37},"17":{"loc":{"start":{"line":37,"column":8},"end":{"line":37,"column":32}},"type":"binary-expr","locations":[{"start":{"line":37,"column":8},"end":{"line":37,"column":23}},{"start":{"line":37,"column":27},"end":{"line":37,"column":32}}],"line":37},"18":{"loc":{"start":{"line":40,"column":2},"end":{"line":46,"column":3}},"type":"if","locations":[{"start":{"line":40,"column":2},"end":{"line":46,"column":3}},{"start":{},"end":{}}],"line":40},"19":{"loc":{"start":{"line":41,"column":4},"end":{"line":42,"column":35}},"type":"binary-expr","locations":[{"start":{"line":41,"column":4},"end":{"line":41,"column":49}},{"start":{"line":42,"column":4},"end":{"line":42,"column":35}}],"line":41},"20":{"loc":{"start":{"line":44,"column":4},"end":{"line":45,"column":45}},"type":"if","locations":[{"start":{"line":44,"column":4},"end":{"line":45,"column":45}},{"start":{},"end":{}}],"line":44},"21":{"loc":{"start":{"line":47,"column":2},"end":{"line":50,"column":3}},"type":"if","locations":[{"start":{"line":47,"column":2},"end":{"line":50,"column":3}},{"start":{},"end":{}}],"line":47},"22":{"loc":{"start":{"line":47,"column":6},"end":{"line":47,"column":76}},"type":"binary-expr","locations":[{"start":{"line":47,"column":6},"end":{"line":47,"column":46}},{"start":{"line":47,"column":50},"end":{"line":47,"column":76}}],"line":47},"23":{"loc":{"start":{"line":48,"column":4},"end":{"line":49,"column":40}},"type":"if","locations":[{"start":{"line":48,"column":4},"end":{"line":49,"column":40}},{"start":{},"end":{}}],"line":48},"24":{"loc":{"start":{"line":51,"column":2},"end":{"line":53,"column":3}},"type":"if","locations":[{"start":{"line":51,"column":2},"end":{"line":53,"column":3}},{"start":{},"end":{}}],"line":51},"25":{"loc":{"start":{"line":51,"column":6},"end":{"line":51,"column":66}},"type":"binary-expr","locations":[{"start":{"line":51,"column":6},"end":{"line":51,"column":41}},{"start":{"line":51,"column":45},"end":{"line":51,"column":66}}],"line":51},"26":{"loc":{"start":{"line":52,"column":4},"end":{"line":52,"column":68}},"type":"if","locations":[{"start":{"line":52,"column":4},"end":{"line":52,"column":68}},{"start":{},"end":{}}],"line":52},"27":{"loc":{"start":{"line":54,"column":2},"end":{"line":67,"column":3}},"type":"if","locations":[{"start":{"line":54,"column":2},"end":{"line":67,"column":3}},{"start":{},"end":{}}],"line":54},"28":{"loc":{"start":{"line":55,"column":4},"end":{"line":57,"column":32}},"type":"binary-expr","locations":[{"start":{"line":55,"column":4},"end":{"line":55,"column":48}},{"start":{"line":56,"column":4},"end":{"line":56,"column":34}},{"start":{"line":57,"column":4},"end":{"line":57,"column":32}}],"line":55},"29":{"loc":{"start":{"line":60,"column":4},"end":{"line":66,"column":5}},"type":"if","locations":[{"start":{"line":60,"column":4},"end":{"line":66,"column":5}},{"start":{"line":61,"column":9},"end":{"line":66,"column":5}}],"line":60},"30":{"loc":{"start":{"line":64,"column":6},"end":{"line":65,"column":64}},"type":"if","locations":[{"start":{"line":64,"column":6},"end":{"line":65,"column":64}},{"start":{},"end":{}}],"line":64},"31":{"loc":{"start":{"line":71,"column":27},"end":{"line":71,"column":56}},"type":"default-arg","locations":[{"start":{"line":71,"column":54},"end":{"line":71,"column":56}}],"line":71},"32":{"loc":{"start":{"line":71,"column":29},"end":{"line":71,"column":49}},"type":"default-arg","locations":[{"start":{"line":71,"column":45},"end":{"line":71,"column":49}}],"line":71},"33":{"loc":{"start":{"line":77,"column":2},"end":{"line":77,"column":67}},"type":"if","locations":[{"start":{"line":77,"column":2},"end":{"line":77,"column":67}},{"start":{},"end":{}}],"line":77},"34":{"loc":{"start":{"line":81,"column":21},"end":{"line":81,"column":33}},"type":"default-arg","locations":[{"start":{"line":81,"column":31},"end":{"line":81,"column":33}}],"line":81},"35":{"loc":{"start":{"line":83,"column":2},"end":{"line":83,"column":71}},"type":"if","locations":[{"start":{"line":83,"column":2},"end":{"line":83,"column":71}},{"start":{},"end":{}}],"line":83},"36":{"loc":{"start":{"line":88,"column":29},"end":{"line":88,"column":41}},"type":"default-arg","locations":[{"start":{"line":88,"column":39},"end":{"line":88,"column":41}}],"line":88},"37":{"loc":{"start":{"line":90,"column":2},"end":{"line":90,"column":74}},"type":"if","locations":[{"start":{"line":90,"column":2},"end":{"line":90,"column":74}},{"start":{},"end":{}}],"line":90},"38":{"loc":{"start":{"line":92,"column":2},"end":{"line":92,"column":71}},"type":"if","locations":[{"start":{"line":92,"column":2},"end":{"line":92,"column":71}},{"start":{},"end":{}}],"line":92},"39":{"loc":{"start":{"line":99,"column":2},"end":{"line":99,"column":74}},"type":"if","locations":[{"start":{"line":99,"column":2},"end":{"line":99,"column":74}},{"start":{},"end":{}}],"line":99}},"s":{"0":1,"1":1,"2":1,"3":1,"4":0,"5":0,"6":0,"7":0,"8":0,"9":0,"10":0,"11":0,"12":0,"13":0,"14":0,"15":0,"16":0,"17":0,"18":0,"19":0,"20":0,"21":0,"22":0,"23":0,"24":0,"25":0,"26":0,"27":0,"28":0,"29":0,"30":0,"31":0,"32":0,"33":0,"34":0,"35":0,"36":0,"37":0,"38":0,"39":0,"40":0,"41":0,"42":0,"43":0,"44":0,"45":0,"46":0,"47":0,"48":0,"49":0,"50":0,"51":0,"52":0,"53":0,"54":0,"55":0,"56":0,"57":0,"58":0,"59":1},"f":{"0":0,"1":0,"2":0,"3":0,"4":0,"5":0},"b":{"0":[0],"1":[0],"2":[0],"3":[0,0],"4":[0,0],"5":[0,0],"6":[0,0],"7":[0,0],"8":[0,0],"9":[0,0,0],"10":[0,0],"11":[0,0,0],"12":[0,0],"13":[0,0],"14":[0,0],"15":[0,0],"16":[0,0],"17":[0,0],"18":[0,0],"19":[0,0],"20":[0,0],"21":[0,0],"22":[0,0],"23":[0,0],"24":[0,0],"25":[0,0],"26":[0,0],"27":[0,0],"28":[0,0,0],"29":[0,0],"30":[0,0],"31":[0],"32":[0],"33":[0,0],"34":[0],"35":[0,0],"36":[0],"37":[0,0],"38":[0,0],"39":[0,0]},"_coverageSchema":"1a1c01bbd47fc00a2c39e90264f33305004495a9","hash":"7fea3016334232be31cc7fb622af972a0192dbe7"}
,"C:\\Users\\user\\Documents\\GitHub\\Copilot\\snacktrack1\\services\\userService.js": {"path":"C:\\Users\\user\\Documents\\GitHub\\Copilot\\snacktrack1\\services\\userService.js","statementMap":{"0":{"start":{"line":1,"column":15},"end":{"line":1,"column":32}},"1":{"start":{"line":2,"column":17},"end":{"line":2,"column":44}},"2":{"start":{"line":5,"column":2},"end":{"line":5,"column":67}},"3":{"start":{"line":5,"column":33},"end":{"line":5,"column":67}},"4":{"start":{"line":6,"column":19},"end":{"line":6,"column":52}},"5":{"start":{"line":7,"column":2},"end":{"line":7,"column":60}},"6":{"start":{"line":7,"column":16},"end":{"line":7,"column":60}},"7":{"start":{"line":8,"column":15},"end":{"line":8,"column":43}},"8":{"start":{"line":9,"column":13},"end":{"line":9,"column":72}},"9":{"start":{"line":10,"column":2},"end":{"line":10,"column":37}},"10":{"start":{"line":14,"column":2},"end":{"line":14,"column":37}},"11":{"start":{"line":18,"column":2},"end":{"line":18,"column":28}},"12":{"start":{"line":22,"column":18},"end":{"line":22,"column":55}},"13":{"start":{"line":23,"column":15},"end":{"line":23,"column":17}},"14":{"start":{"line":24,"column":2},"end":{"line":26,"column":5}},"15":{"start":{"line":25,"column":4},"end":{"line":25,"column":43}},"16":{"start":{"line":25,"column":22},"end":{"line":25,"column":43}},"17":{"start":{"line":27,"column":2},"end":{"line":27,"column":34}},"18":{"start":{"line":28,"column":18},"end":{"line":28,"column":45}},"19":{"start":{"line":29,"column":2},"end":{"line":29,"column":17}},"20":{"start":{"line":33,"column":2},"end":{"line":33,"column":32}},"21":{"start":{"line":36,"column":0},"end":{"line":42,"column":2}}},"fnMap":{"0":{"name":"createUser","decl":{"start":{"line":4,"column":15},"end":{"line":4,"column":25}},"loc":{"start":{"line":4,"column":74},"end":{"line":11,"column":1}},"line":4},"1":{"name":"getUserByEmail","decl":{"start":{"line":13,"column":15},"end":{"line":13,"column":29}},"loc":{"start":{"line":13,"column":37},"end":{"line":15,"column":1}},"line":13},"2":{"name":"getAllUsers","decl":{"start":{"line":17,"column":15},"end":{"line":17,"column":26}},"loc":{"start":{"line":17,"column":29},"end":{"line":19,"column":1}},"line":17},"3":{"name":"updateUser","decl":{"start":{"line":21,"column":15},"end":{"line":21,"column":25}},"loc":{"start":{"line":21,"column":39},"end":{"line":30,"column":1}},"line":21},"4":{"name":"(anonymous_4)","decl":{"start":{"line":24,"column":18},"end":{"line":24,"column":19}},"loc":{"start":{"line":24,"column":25},"end":{"line":26,"column":3}},"line":24},"5":{"name":"deleteUser","decl":{"start":{"line":32,"column":15},"end":{"line":32,"column":25}},"loc":{"start":{"line":32,"column":30},"end":{"line":34,"column":1}},"line":32}},"branchMap":{"0":{"loc":{"start":{"line":4,"column":48},"end":{"line":4,"column":70}},"type":"default-arg","locations":[{"start":{"line":4,"column":57},"end":{"line":4,"column":70}}],"line":4},"1":{"loc":{"start":{"line":5,"column":2},"end":{"line":5,"column":67}},"type":"if","locations":[{"start":{"line":5,"column":2},"end":{"line":5,"column":67}},{"start":{},"end":{}}],"line":5},"2":{"loc":{"start":{"line":5,"column":6},"end":{"line":5,"column":31}},"type":"binary-expr","locations":[{"start":{"line":5,"column":6},"end":{"line":5,"column":11}},{"start":{"line":5,"column":15},"end":{"line":5,"column":21}},{"start":{"line":5,"column":25},"end":{"line":5,"column":31}}],"line":5},"3":{"loc":{"start":{"line":7,"column":2},"end":{"line":7,"column":60}},"type":"if","locations":[{"start":{"line":7,"column":2},"end":{"line":7,"column":60}},{"start":{},"end":{}}],"line":7},"4":{"loc":{"start":{"line":25,"column":4},"end":{"line":25,"column":43}},"type":"if","locations":[{"start":{"line":25,"column":4},"end":{"line":25,"column":43}},{"start":{},"end":{}}],"line":25}},"s":{"0":1,"1":1,"2":0,"3":0,"4":0,"5":0,"6":0,"7":0,"8":0,"9":0,"10":0,"11":0,"12":0,"13":0,"14":0,"15":0,"16":0,"17":0,"18":0,"19":0,"20":0,"21":1},"f":{"0":0,"1":0,"2":0,"3":0,"4":0,"5":0},"b":{"0":[0],"1":[0,0],"2":[0,0,0],"3":[0,0],"4":[0,0]},"_coverageSchema":"1a1c01bbd47fc00a2c39e90264f33305004495a9","hash":"5425a06e7998d0ff80c59192b20aebb30ec615df"}
}
