TN:
SF:controllers\authController.js
FN:4,login
FN:24,logout
FN:25,(anonymous_2)
FN:33,me
FNF:4
FNH:0
FNDA:0,login
FNDA:0,logout
FNDA:0,(anonymous_2)
FNDA:0,me
DA:1,1
DA:2,1
DA:5,0
DA:6,0
DA:7,0
DA:9,0
DA:10,0
DA:11,0
DA:13,0
DA:14,0
DA:16,0
DA:17,0
DA:19,0
DA:20,0
DA:25,0
DA:26,0
DA:27,0
DA:28,0
DA:29,0
DA:34,0
DA:35,0
DA:36,0
DA:39,1
LF:23
LH:3
BRDA:6,0,0,0
BRDA:6,0,1,0
BRDA:6,1,0,0
BRDA:6,1,1,0
BRDA:11,2,0,0
BRDA:11,2,1,0
BRDA:14,3,0,0
BRDA:14,3,1,0
BRDA:26,4,0,0
BRDA:26,4,1,0
BRDA:34,5,0,0
BRDA:34,5,1,0
BRDA:34,6,0,0
BRDA:34,6,1,0
BRF:14
BRH:0
end_of_record
TN:
SF:controllers\localController.js
FN:3,listarLocais
FN:15,buscarLocalPorId
FN:27,criarLocal
FN:43,atualizarLocal
FN:61,inativarLocal
FNF:5
FNH:0
FNDA:0,listarLocais
FNDA:0,buscarLocalPorId
FNDA:0,criarLocal
FNDA:0,atualizarLocal
FNDA:0,inativarLocal
DA:1,1
DA:4,0
DA:5,0
DA:8,0
DA:10,0
DA:11,0
DA:16,0
DA:17,0
DA:18,0
DA:19,0
DA:21,0
DA:22,0
DA:23,0
DA:28,0
DA:29,0
DA:34,0
DA:35,0
DA:37,0
DA:38,0
DA:39,0
DA:44,0
DA:45,0
DA:46,0
DA:52,0
DA:53,0
DA:55,0
DA:56,0
DA:57,0
DA:62,0
DA:63,0
DA:64,0
DA:65,0
DA:67,0
DA:68,0
DA:69,0
DA:73,1
LF:36
LH:2
BRDA:21,0,0,0
BRDA:21,0,1,0
BRDA:21,1,0,0
BRDA:21,1,1,0
BRDA:37,2,0,0
BRDA:37,2,1,0
BRDA:37,3,0,0
BRDA:37,3,1,0
BRDA:55,4,0,0
BRDA:55,4,1,0
BRDA:55,5,0,0
BRDA:55,5,1,0
BRDA:67,6,0,0
BRDA:67,6,1,0
BRDA:67,7,0,0
BRDA:67,7,1,0
BRF:16
BRH:0
end_of_record
TN:
SF:controllers\movimentacaoController.js
FN:9,registrarEntrada
FN:28,registrarSaida
FN:51,registrarTransferencia
FN:72,listarHistorico
FN:91,handleError
FNF:5
FNH:5
FNDA:2,registrarEntrada
FNDA:2,registrarSaida
FNDA:1,registrarTransferencia
FNDA:3,listarHistorico
FNDA:2,handleError
DA:6,1
DA:7,1
DA:10,2
DA:12,2
DA:13,2
DA:14,2
DA:20,1
DA:24,1
DA:29,2
DA:31,2
DA:32,2
DA:33,2
DA:39,1
DA:47,1
DA:52,1
DA:54,1
DA:56,1
DA:57,1
DA:64,1
DA:68,0
DA:73,3
DA:74,3
DA:75,3
DA:76,3
DA:77,1
DA:80,2
DA:81,1
DA:82,1
DA:83,3
DA:85,0
DA:93,2
DA:94,1
DA:98,1
DA:99,0
DA:106,1
DA:107,0
DA:111,1
DA:112,0
DA:117,1
DA:118,0
DA:121,1
DA:126,1
LF:42
LH:36
BRDA:12,0,0,2
BRDA:12,0,1,0
BRDA:12,1,0,2
BRDA:12,1,1,2
BRDA:31,2,0,2
BRDA:31,2,1,0
BRDA:31,3,0,2
BRDA:31,3,1,2
BRDA:54,4,0,1
BRDA:54,4,1,0
BRDA:54,5,0,1
BRDA:54,5,1,1
BRDA:74,6,0,3
BRDA:76,7,0,1
BRDA:76,7,1,2
BRDA:80,8,0,1
BRDA:80,8,1,1
BRDA:87,9,0,0
BRDA:87,9,1,0
BRDA:93,10,0,1
BRDA:93,10,1,1
BRDA:93,11,0,2
BRDA:93,11,1,2
BRDA:95,12,0,1
BRDA:95,12,1,0
BRDA:98,13,0,0
BRDA:98,13,1,1
BRDA:98,14,0,1
BRDA:98,14,1,1
BRDA:100,15,0,0
BRDA:100,15,1,0
BRDA:102,16,0,0
BRDA:102,16,1,0
BRDA:106,17,0,0
BRDA:106,17,1,1
BRDA:106,18,0,1
BRDA:106,18,1,1
BRDA:108,19,0,0
BRDA:108,19,1,0
BRDA:109,20,0,0
BRDA:109,20,1,0
BRDA:111,21,0,0
BRDA:111,21,1,1
BRDA:111,22,0,1
BRDA:111,22,1,1
BRDA:113,23,0,0
BRDA:113,23,1,0
BRDA:114,24,0,0
BRDA:114,24,1,0
BRDA:117,25,0,0
BRDA:117,25,1,1
BRDA:117,26,0,1
BRDA:117,26,1,1
BRDA:123,27,0,1
BRDA:123,27,1,0
BRF:55
BRH:32
end_of_record
TN:
SF:controllers\produtoController.js
FN:3,listarProdutos
FN:15,buscarProdutoPorId
FN:27,criarProduto
FN:49,atualizarProduto
FN:73,inativarProduto
FNF:5
FNH:0
FNDA:0,listarProdutos
FNDA:0,buscarProdutoPorId
FNDA:0,criarProduto
FNDA:0,atualizarProduto
FNDA:0,inativarProduto
DA:1,1
DA:4,0
DA:5,0
DA:8,0
DA:10,0
DA:11,0
DA:16,0
DA:17,0
DA:18,0
DA:19,0
DA:21,0
DA:22,0
DA:23,0
DA:28,0
DA:29,0
DA:40,0
DA:41,0
DA:43,0
DA:44,0
DA:45,0
DA:50,0
DA:51,0
DA:52,0
DA:64,0
DA:65,0
DA:67,0
DA:68,0
DA:69,0
DA:74,0
DA:75,0
DA:76,0
DA:77,0
DA:79,0
DA:80,0
DA:81,0
DA:85,1
LF:36
LH:2
BRDA:21,0,0,0
BRDA:21,0,1,0
BRDA:21,1,0,0
BRDA:21,1,1,0
BRDA:43,2,0,0
BRDA:43,2,1,0
BRDA:43,3,0,0
BRDA:43,3,1,0
BRDA:67,4,0,0
BRDA:67,4,1,0
BRDA:67,5,0,0
BRDA:67,5,1,0
BRDA:79,6,0,0
BRDA:79,6,1,0
BRDA:79,7,0,0
BRDA:79,7,1,0
BRF:16
BRH:0
end_of_record
TN:
SF:controllers\userController.js
FN:3,listUsers
FN:13,createUser
FN:24,updateUser
FN:36,deleteUser
FNF:4
FNH:0
FNDA:0,listUsers
FNDA:0,createUser
FNDA:0,updateUser
FNDA:0,deleteUser
DA:1,1
DA:4,0
DA:5,0
DA:6,0
DA:8,0
DA:9,0
DA:14,0
DA:15,0
DA:16,0
DA:17,0
DA:19,0
DA:20,0
DA:25,0
DA:26,0
DA:27,0
DA:28,0
DA:29,0
DA:31,0
DA:32,0
DA:37,0
DA:38,0
DA:39,0
DA:40,0
DA:42,0
DA:43,0
DA:47,1
LF:26
LH:2
BRDA:20,0,0,0
BRDA:20,0,1,0
BRDA:32,1,0,0
BRDA:32,1,1,0
BRDA:43,2,0,0
BRDA:43,2,1,0
BRF:6
BRH:0
end_of_record
TN:
SF:data\localData.js
FN:3,findAll
FN:12,findById
FN:19,create
FN:35,update
FN:65,inactivate
FNF:5
FNH:0
FNDA:0,findAll
FNDA:0,findById
FNDA:0,create
FNDA:0,update
FNDA:0,inactivate
DA:1,3
DA:4,0
DA:7,0
DA:8,0
DA:9,0
DA:14,0
DA:15,0
DA:16,0
DA:21,0
DA:22,0
DA:25,0
DA:26,0
DA:28,0
DA:32,0
DA:40,0
DA:41,0
DA:42,0
DA:43,0
DA:44,0
DA:46,0
DA:47,0
DA:48,0
DA:50,0
DA:51,0
DA:52,0
DA:54,0
DA:55,0
DA:56,0
DA:58,0
DA:59,0
DA:60,0
DA:61,0
DA:62,0
DA:66,0
DA:67,0
DA:68,0
DA:71,3
LF:37
LH:2
BRDA:3,0,0,0
BRDA:3,1,0,0
BRDA:4,2,0,0
BRDA:4,2,1,0
BRDA:7,3,0,0
BRDA:7,3,1,0
BRDA:16,4,0,0
BRDA:16,4,1,0
BRDA:19,5,0,0
BRDA:19,6,0,0
BRDA:25,7,0,0
BRDA:25,7,1,0
BRDA:25,8,0,0
BRDA:25,8,1,0
BRDA:25,9,0,0
BRDA:25,9,1,0
BRDA:26,10,0,0
BRDA:26,10,1,0
BRDA:32,11,0,0
BRDA:32,11,1,0
BRDA:37,12,0,0
BRDA:37,13,0,0
BRDA:42,14,0,0
BRDA:42,14,1,0
BRDA:46,15,0,0
BRDA:46,15,1,0
BRDA:50,16,0,0
BRDA:50,16,1,0
BRDA:54,17,0,0
BRDA:54,17,1,0
BRDA:58,18,0,0
BRDA:58,18,1,0
BRF:32
BRH:0
end_of_record
TN:
SF:data\movimentacaoData.js
FN:7,create
FN:30,getEstoqueAtual
FN:47,getMovimentacoesByProduto
FN:53,getMovimentacoesByLocal
FNF:4
FNH:0
FNDA:0,create
FNDA:0,getEstoqueAtual
FNDA:0,getMovimentacoesByProduto
FNDA:0,getMovimentacoesByLocal
DA:1,3
DA:8,0
DA:9,0
DA:17,0
DA:18,0
DA:19,0
DA:20,0
DA:21,0
DA:23,0
DA:31,0
DA:41,0
DA:42,0
DA:43,0
DA:44,0
DA:48,0
DA:49,0
DA:50,0
DA:54,0
DA:55,0
DA:56,0
DA:59,3
LF:21
LH:2
BRDA:7,0,0,0
BRDA:12,1,0,0
BRDA:12,1,1,0
BRDA:13,2,0,0
BRDA:13,2,1,0
BRDA:15,3,0,0
BRDA:15,3,1,0
BRDA:18,4,0,0
BRDA:18,4,1,0
BRDA:18,5,0,0
BRDA:18,5,1,0
BRDA:18,6,0,0
BRDA:18,6,1,0
BRDA:19,7,0,0
BRDA:19,7,1,0
BRDA:21,8,0,0
BRDA:21,8,1,0
BRDA:30,9,0,0
BRDA:43,10,0,0
BRDA:43,10,1,0
BRDA:43,11,0,0
BRDA:43,11,1,0
BRDA:44,12,0,0
BRDA:44,12,1,0
BRDA:47,13,0,0
BRDA:53,14,0,0
BRF:26
BRH:0
end_of_record
TN:
SF:data\produtoData.js
FN:3,normalizeDate
FN:22,findAll
FN:31,findById
FN:38,create
FN:79,update
FN:94,(anonymous_5)
FN:114,inactivate
FNF:7
FNH:0
FNDA:0,normalizeDate
FNDA:0,findAll
FNDA:0,findById
FNDA:0,create
FNDA:0,update
FNDA:0,(anonymous_5)
FNDA:0,inactivate
DA:1,3
DA:4,0
DA:6,0
DA:7,0
DA:8,0
DA:9,0
DA:10,0
DA:11,0
DA:13,0
DA:15,0
DA:17,0
DA:19,0
DA:23,0
DA:26,0
DA:27,0
DA:28,0
DA:33,0
DA:34,0
DA:35,0
DA:40,0
DA:43,0
DA:44,0
DA:68,0
DA:70,0
DA:71,0
DA:72,0
DA:76,0
DA:80,0
DA:81,0
DA:82,0
DA:94,0
DA:95,0
DA:96,0
DA:98,0
DA:99,0
DA:100,0
DA:101,0
DA:103,0
DA:107,0
DA:108,0
DA:109,0
DA:110,0
DA:111,0
DA:115,0
DA:116,0
DA:117,0
DA:120,3
LF:47
LH:2
BRDA:4,0,0,0
BRDA:4,0,1,0
BRDA:4,1,0,0
BRDA:4,1,1,0
BRDA:4,1,2,0
BRDA:6,2,0,0
BRDA:6,2,1,0
BRDA:7,3,0,0
BRDA:7,3,1,0
BRDA:15,4,0,0
BRDA:15,4,1,0
BRDA:17,5,0,0
BRDA:17,5,1,0
BRDA:22,6,0,0
BRDA:22,7,0,0
BRDA:23,8,0,0
BRDA:23,8,1,0
BRDA:26,9,0,0
BRDA:26,9,1,0
BRDA:35,10,0,0
BRDA:35,10,1,0
BRDA:40,11,0,0
BRDA:40,11,1,0
BRDA:44,12,0,0
BRDA:44,12,1,0
BRDA:47,13,0,0
BRDA:47,13,1,0
BRDA:48,14,0,0
BRDA:48,14,1,0
BRDA:49,15,0,0
BRDA:49,15,1,0
BRDA:50,16,0,0
BRDA:50,16,1,0
BRDA:51,17,0,0
BRDA:51,17,1,0
BRDA:52,18,0,0
BRDA:52,18,1,0
BRDA:53,19,0,0
BRDA:53,19,1,0
BRDA:59,20,0,0
BRDA:59,20,1,0
BRDA:60,21,0,0
BRDA:60,21,1,0
BRDA:61,22,0,0
BRDA:61,22,1,0
BRDA:62,23,0,0
BRDA:62,23,1,0
BRDA:63,24,0,0
BRDA:63,24,1,0
BRDA:64,25,0,0
BRDA:64,25,1,0
BRDA:65,26,0,0
BRDA:65,26,1,0
BRDA:70,27,0,0
BRDA:70,27,1,0
BRDA:70,28,0,0
BRDA:70,28,1,0
BRDA:70,29,0,0
BRDA:70,29,1,0
BRDA:71,30,0,0
BRDA:71,30,1,0
BRDA:76,31,0,0
BRDA:76,31,1,0
BRDA:95,32,0,0
BRDA:95,32,1,0
BRDA:98,33,0,0
BRDA:98,33,1,0
BRDA:100,34,0,0
BRDA:100,34,1,0
BRDA:107,35,0,0
BRDA:107,35,1,0
BRF:71
BRH:0
end_of_record
TN:
SF:data\userData.js
FN:3,findByEmail
FN:11,findById
FN:19,findAll
FN:26,insert
FN:34,update
FN:37,(anonymous_5)
FN:46,softDelete
FNF:7
FNH:0
FNDA:0,findByEmail
FNDA:0,findById
FNDA:0,findAll
FNDA:0,insert
FNDA:0,update
FNDA:0,(anonymous_5)
FNDA:0,softDelete
DA:1,1
DA:4,0
DA:8,0
DA:12,0
DA:16,0
DA:20,0
DA:23,0
DA:27,0
DA:31,0
DA:35,0
DA:36,0
DA:37,0
DA:38,0
DA:39,0
DA:41,0
DA:42,0
DA:43,0
DA:47,0
DA:53,1
LF:19
LH:2
BRDA:8,0,0,0
BRDA:8,0,1,0
BRDA:8,1,0,0
BRDA:8,1,1,0
BRDA:16,2,0,0
BRDA:16,2,1,0
BRDA:16,3,0,0
BRDA:16,3,1,0
BRDA:31,4,0,0
BRDA:31,4,1,0
BRDA:31,5,0,0
BRDA:31,5,1,0
BRDA:41,6,0,0
BRDA:41,6,1,0
BRF:14
BRH:0
end_of_record
TN:
SF:middleware\authMiddleware.js
FN:1,requireAuth
FN:8,requireRole
FN:9,(anonymous_2)
FNF:3
FNH:2
FNDA:11,requireAuth
FNDA:10,requireRole
FNDA:0,(anonymous_2)
DA:2,11
DA:3,0
DA:4,0
DA:5,0
DA:9,10
DA:10,0
DA:11,0
DA:12,0
DA:13,0
DA:15,0
DA:16,0
DA:17,0
DA:21,1
LF:13
LH:3
BRDA:2,0,0,11
BRDA:2,0,1,0
BRDA:2,1,0,11
BRDA:2,1,1,11
BRDA:3,2,0,0
BRDA:3,2,1,0
BRDA:8,3,0,0
BRDA:10,4,0,0
BRDA:10,4,1,0
BRDA:10,5,0,0
BRDA:10,5,1,0
BRDA:11,6,0,0
BRDA:11,6,1,0
BRDA:16,7,0,0
BRDA:16,7,1,0
BRDA:16,8,0,0
BRDA:16,8,1,0
BRF:17
BRH:3
end_of_record
TN:
SF:middleware\validacaoMovimentacao.js
FN:4,validarBase
FN:15,validarEntrada
FN:16,(anonymous_2)
FN:26,validarSaida
FN:27,(anonymous_4)
FN:37,validarTransferencia
FNF:6
FNH:6
FNDA:6,validarBase
FNDA:4,validarEntrada
FNDA:2,(anonymous_2)
FNDA:2,validarSaida
FNDA:2,(anonymous_4)
FNDA:2,validarTransferencia
DA:1,1
DA:2,1
DA:5,6
DA:6,6
DA:7,6
DA:8,6
DA:9,6
DA:10,5
DA:11,5
DA:12,4
DA:16,4
DA:17,2
DA:18,2
DA:19,2
DA:20,2
DA:21,2
DA:22,2
DA:27,2
DA:28,2
DA:29,2
DA:30,2
DA:31,2
DA:32,2
DA:33,2
DA:38,2
DA:39,2
DA:40,2
DA:41,2
DA:42,2
DA:43,2
DA:44,2
DA:45,2
DA:46,2
DA:47,2
DA:48,1
DA:49,1
DA:50,1
DA:51,1
DA:52,1
DA:53,1
DA:54,1
DA:57,1
LF:42
LH:42
BRDA:6,0,0,6
BRDA:6,0,1,0
BRDA:7,1,0,0
BRDA:7,1,1,6
BRDA:8,2,0,1
BRDA:8,2,1,5
BRDA:9,3,0,1
BRDA:9,3,1,5
BRDA:11,4,0,1
BRDA:11,4,1,4
BRDA:11,5,0,5
BRDA:11,5,1,5
BRDA:19,6,0,0
BRDA:19,6,1,2
BRDA:19,7,0,2
BRDA:19,7,1,2
BRDA:21,8,0,0
BRDA:21,8,1,2
BRDA:21,9,0,2
BRDA:21,9,1,2
BRDA:30,10,0,0
BRDA:30,10,1,2
BRDA:30,11,0,2
BRDA:30,11,1,2
BRDA:32,12,0,0
BRDA:32,12,1,2
BRDA:32,13,0,2
BRDA:32,13,1,2
BRDA:38,14,0,2
BRDA:38,14,1,0
BRDA:40,15,0,0
BRDA:40,15,1,2
BRDA:41,16,0,0
BRDA:41,16,1,2
BRDA:42,17,0,0
BRDA:42,17,1,2
BRDA:43,18,0,0
BRDA:43,18,1,2
BRDA:44,19,0,0
BRDA:44,19,1,2
BRDA:46,20,0,0
BRDA:46,20,1,2
BRDA:46,21,0,2
BRDA:46,21,1,2
BRDA:47,22,0,1
BRDA:47,22,1,1
BRDA:49,23,0,0
BRDA:49,23,1,1
BRDA:49,24,0,1
BRDA:49,24,1,1
BRDA:51,25,0,0
BRDA:51,25,1,1
BRDA:51,26,0,1
BRDA:51,26,1,1
BRDA:53,27,0,0
BRDA:53,27,1,1
BRDA:53,28,0,1
BRDA:53,28,1,1
BRF:58
BRH:42
end_of_record
TN:
SF:services\estoqueService.js
FN:8,(anonymous_0)
FN:17,(anonymous_1)
FN:26,(anonymous_2)
FN:36,(anonymous_3)
FN:63,(anonymous_4)
FN:95,(anonymous_5)
FNF:6
FNH:6
FNDA:3,(anonymous_0)
FNDA:2,(anonymous_1)
FNDA:3,(anonymous_2)
FNDA:4,(anonymous_3)
FNDA:5,(anonymous_4)
FNDA:5,(anonymous_5)
DA:1,3
DA:2,3
DA:3,3
DA:4,3
DA:5,3
DA:9,3
DA:10,3
DA:11,3
DA:12,3
DA:18,2
DA:19,2
DA:20,2
DA:21,2
DA:27,3
DA:28,3
DA:29,3
DA:30,3
DA:37,4
DA:38,4
DA:39,3
DA:40,3
DA:42,2
DA:43,2
DA:44,2
DA:51,2
DA:52,2
DA:53,2
DA:54,2
DA:55,2
DA:57,0
DA:58,0
DA:64,5
DA:65,5
DA:66,4
DA:67,4
DA:69,4
DA:70,4
DA:72,4
DA:73,4
DA:74,2
DA:76,2
DA:83,2
DA:84,2
DA:85,2
DA:86,2
DA:87,2
DA:89,2
DA:90,2
DA:96,5
DA:97,4
DA:98,4
DA:99,3
DA:100,3
DA:101,3
DA:102,3
DA:104,3
DA:105,3
DA:106,3
DA:107,3
DA:108,1
DA:111,2
DA:119,2
DA:120,2
DA:121,2
DA:122,2
DA:123,2
DA:125,1
DA:126,1
DA:131,3
LF:69
LH:67
BRDA:8,0,0,2
BRDA:17,1,0,1
BRDA:26,2,0,3
BRDA:38,3,0,1
BRDA:38,3,1,3
BRDA:38,4,0,4
BRDA:38,4,1,3
BRDA:40,5,0,1
BRDA:40,5,1,2
BRDA:40,6,0,3
BRDA:40,6,1,2
BRDA:52,7,0,0
BRDA:52,7,1,2
BRDA:65,8,0,1
BRDA:65,8,1,4
BRDA:65,9,0,5
BRDA:65,9,1,4
BRDA:67,10,0,0
BRDA:67,10,1,4
BRDA:67,11,0,4
BRDA:67,11,1,4
BRDA:73,12,0,2
BRDA:73,12,1,2
BRDA:84,13,0,0
BRDA:84,13,1,2
BRDA:96,14,0,1
BRDA:96,14,1,4
BRDA:98,15,0,1
BRDA:98,15,1,3
BRDA:98,16,0,4
BRDA:98,16,1,3
BRDA:100,17,0,0
BRDA:100,17,1,3
BRDA:100,18,0,3
BRDA:100,18,1,3
BRDA:102,19,0,0
BRDA:102,19,1,3
BRDA:102,20,0,3
BRDA:102,20,1,3
BRDA:107,21,0,1
BRDA:107,21,1,2
BRDA:120,22,0,0
BRDA:120,22,1,2
BRF:43
BRH:37
end_of_record
TN:
SF:services\localService.js
FN:3,validateInput
FN:15,listarTodos
FN:19,buscarPorId
FN:25,criar
FN:40,atualizar
FN:49,inativar
FNF:6
FNH:0
FNDA:0,validateInput
FNDA:0,listarTodos
FNDA:0,buscarPorId
FNDA:0,criar
FNDA:0,atualizar
FNDA:0,inativar
DA:1,1
DA:4,0
DA:5,0
DA:6,0
DA:7,0
DA:8,0
DA:9,0
DA:10,0
DA:12,0
DA:16,0
DA:20,0
DA:21,0
DA:22,0
DA:30,0
DA:31,0
DA:32,0
DA:37,0
DA:41,0
DA:42,0
DA:43,0
DA:44,0
DA:45,0
DA:46,0
DA:50,0
DA:51,0
DA:53,0
DA:54,0
DA:57,1
LF:28
LH:2
BRDA:3,0,0,0
BRDA:5,1,0,0
BRDA:5,1,1,0
BRDA:5,2,0,0
BRDA:5,2,1,0
BRDA:7,3,0,0
BRDA:7,3,1,0
BRDA:7,4,0,0
BRDA:7,4,1,0
BRDA:9,5,0,0
BRDA:9,5,1,0
BRDA:9,6,0,0
BRDA:9,6,1,0
BRDA:15,7,0,0
BRDA:15,8,0,0
BRDA:21,9,0,0
BRDA:21,9,1,0
BRDA:25,10,0,0
BRDA:27,11,0,0
BRDA:28,12,0,0
BRDA:31,13,0,0
BRDA:31,13,1,0
BRDA:40,14,0,0
BRDA:42,15,0,0
BRDA:42,15,1,0
BRDA:44,16,0,0
BRDA:44,16,1,0
BRDA:51,17,0,0
BRDA:51,17,1,0
BRF:29
BRH:0
end_of_record
TN:
SF:services\produtoService.js
FN:7,validateInput
FN:71,listarTodos
FN:75,buscarPorId
FN:81,criar
FN:88,atualizar
FN:97,inativar
FNF:6
FNH:0
FNDA:0,validateInput
FNDA:0,listarTodos
FNDA:0,buscarPorId
FNDA:0,criar
FNDA:0,atualizar
FNDA:0,inativar
DA:1,1
DA:3,1
DA:4,1
DA:5,1
DA:8,0
DA:9,0
DA:10,0
DA:11,0
DA:14,0
DA:15,0
DA:20,0
DA:23,0
DA:28,0
DA:29,0
DA:30,0
DA:32,0
DA:36,0
DA:37,0
DA:38,0
DA:40,0
DA:44,0
DA:45,0
DA:47,0
DA:48,0
DA:49,0
DA:51,0
DA:52,0
DA:54,0
DA:59,0
DA:60,0
DA:62,0
DA:64,0
DA:65,0
DA:68,0
DA:72,0
DA:76,0
DA:77,0
DA:78,0
DA:82,0
DA:83,0
DA:84,0
DA:85,0
DA:89,0
DA:90,0
DA:91,0
DA:92,0
DA:93,0
DA:94,0
DA:98,0
DA:99,0
DA:101,0
DA:102,0
DA:105,1
LF:53
LH:5
BRDA:7,0,0,0
BRDA:7,1,0,0
BRDA:7,2,0,0
BRDA:9,3,0,0
BRDA:9,3,1,0
BRDA:9,4,0,0
BRDA:9,4,1,0
BRDA:10,5,0,0
BRDA:10,5,1,0
BRDA:10,6,0,0
BRDA:10,6,1,0
BRDA:14,7,0,0
BRDA:14,7,1,0
BRDA:15,8,0,0
BRDA:15,8,1,0
BRDA:16,9,0,0
BRDA:16,9,1,0
BRDA:16,9,2,0
BRDA:23,10,0,0
BRDA:23,10,1,0
BRDA:24,11,0,0
BRDA:24,11,1,0
BRDA:24,11,2,0
BRDA:29,12,0,0
BRDA:29,12,1,0
BRDA:29,13,0,0
BRDA:29,13,1,0
BRDA:32,14,0,0
BRDA:32,14,1,0
BRDA:33,15,0,0
BRDA:33,15,1,0
BRDA:37,16,0,0
BRDA:37,16,1,0
BRDA:37,17,0,0
BRDA:37,17,1,0
BRDA:40,18,0,0
BRDA:40,18,1,0
BRDA:41,19,0,0
BRDA:41,19,1,0
BRDA:44,20,0,0
BRDA:44,20,1,0
BRDA:47,21,0,0
BRDA:47,21,1,0
BRDA:47,22,0,0
BRDA:47,22,1,0
BRDA:48,23,0,0
BRDA:48,23,1,0
BRDA:51,24,0,0
BRDA:51,24,1,0
BRDA:51,25,0,0
BRDA:51,25,1,0
BRDA:52,26,0,0
BRDA:52,26,1,0
BRDA:54,27,0,0
BRDA:54,27,1,0
BRDA:55,28,0,0
BRDA:55,28,1,0
BRDA:55,28,2,0
BRDA:60,29,0,0
BRDA:60,29,1,0
BRDA:64,30,0,0
BRDA:64,30,1,0
BRDA:71,31,0,0
BRDA:71,32,0,0
BRDA:77,33,0,0
BRDA:77,33,1,0
BRDA:81,34,0,0
BRDA:83,35,0,0
BRDA:83,35,1,0
BRDA:88,36,0,0
BRDA:90,37,0,0
BRDA:90,37,1,0
BRDA:92,38,0,0
BRDA:92,38,1,0
BRDA:99,39,0,0
BRDA:99,39,1,0
BRF:76
BRH:0
end_of_record
TN:
SF:services\userService.js
FN:4,createUser
FN:13,getUserByEmail
FN:17,getAllUsers
FN:21,updateUser
FN:24,(anonymous_4)
FN:32,deleteUser
FNF:6
FNH:0
FNDA:0,createUser
FNDA:0,getUserByEmail
FNDA:0,getAllUsers
FNDA:0,updateUser
FNDA:0,(anonymous_4)
FNDA:0,deleteUser
DA:1,1
DA:2,1
DA:5,0
DA:6,0
DA:7,0
DA:8,0
DA:9,0
DA:10,0
DA:14,0
DA:18,0
DA:22,0
DA:23,0
DA:24,0
DA:25,0
DA:27,0
DA:28,0
DA:29,0
DA:33,0
DA:36,1
LF:19
LH:3
BRDA:4,0,0,0
BRDA:5,1,0,0
BRDA:5,1,1,0
BRDA:5,2,0,0
BRDA:5,2,1,0
BRDA:5,2,2,0
BRDA:7,3,0,0
BRDA:7,3,1,0
BRDA:25,4,0,0
BRDA:25,4,1,0
BRF:10
BRH:0
end_of_record
